2022-08-29 11:34:30,324 DEBUG com.hundsun.BridgeBootStrap [BridgeBootStrap.java : 25] - 开始启动 Java 桥接器
2022-08-29 11:34:30,355 DEBUG com.hundsun.util.ConfigUtil [ConfigUtil.java : 65] - 开始加载配置文件...
2022-08-29 11:34:30,449 DEBUG com.hundsun.util.ConfigUtil [ConfigUtil.java : 133] - 开始校验配置文件...
2022-08-29 11:35:24,916 DEBUG com.hundsun.socket.MainSocket [MainSocket.java : 47] - 建立socket连接-----------/127.0.0.1:65073
2022-08-29 11:35:24,932 INFO  com.hundsun.socket.DealSocket [DealSocket.java : 71] - 当前线程名称为：Thread-1,socke 为Socket[addr=/127.0.0.1,port=65073,localport=8080]
2022-08-29 11:35:24,932 DEBUG com.hundsun.socket.DealSocket [DealSocket.java : 74] - 阻塞 socket 准备读取数据...
2022-08-29 11:35:24,932 DEBUG com.hundsun.socket.DealSocket [DealSocket.java : 76] - 收到消息，开始读数据
2022-08-29 11:35:24,932 DEBUG com.hundsun.socket.DealSocket [DealSocket.java : 78] - 读入 socket 发送过来的数据成功{"name":vale}
2022-08-29 11:35:24,932 DEBUG com.hundsun.socket.DealSocket [DealSocket.java : 79] - 开始发送 https
2022-08-29 11:35:24,932 DEBUG com.hundsun.util.HttpUtil [HttpUtil.java : 48] - 发送 https 请求开始：url为:https://www.comeonw.com/wang，数据内容为：{"name":vale}
2022-08-29 11:35:25,088 INFO  com.hundsun.util.HttpUtil [HttpUtil.java : 59] - 请求内容为：Request{method=POST, url=https://www.comeonw.com/wang, headers=[X_DBS_ORGID:IECNCN, X_DBS_PROFILE:DEFAULT, X-DBS-CHANNEL_ID:DEFAULT]}
2022-08-29 11:35:25,088 DEBUG com.hundsun.util.HttpUtil [HttpUtil.java : 187] - 开始初始化 https 发送对象
2022-08-29 11:35:25,182 DEBUG com.hundsun.util.SSLSocketUtils [SSLSocketUtils.java : 58] - 开始初始化 SSL Socket Factory...
2022-08-29 11:35:25,692 DEBUG com.hundsun.util.SSLSocketUtils [SSLSocketUtils.java : 93] - 开始加载客户端数字证书 —— 用于发送给银行进行双向认证...
2022-08-29 11:35:25,817 DEBUG com.hundsun.dto.MyTrustManager [MyTrustManager.java : 57] - 开始加载服务端 CA 证书 —— 用于校验服务端数字证书...
2022-08-29 11:35:26,210 DEBUG com.hundsun.util.SSLSocketUtils [SSLSocketUtils.java : 68] - 成功初始化 SSL Socket Factory
2022-08-29 11:35:26,226 DEBUG com.hundsun.util.HttpUtil [HttpUtil.java : 214] - 成功初始化 https 发送对象
2022-08-29 11:35:26,476 DEBUG com.hundsun.util.HttpUtil [HttpUtil.java : 67] - 发送 https 结束：返回数据内容：{"hhh":3232}
2022-08-29 11:35:26,476 DEBUG com.hundsun.socket.DealSocket [DealSocket.java : 74] - 阻塞 socket 准备读取数据...
2022-08-29 11:42:32,051 DEBUG com.hundsun.BridgeBootStrap [BridgeBootStrap.java : 25] - 开始启动 Java 桥接器
2022-08-29 11:42:32,051 DEBUG com.hundsun.util.ConfigUtil [ConfigUtil.java : 65] - 开始加载配置文件...
2022-08-29 11:42:32,113 DEBUG com.hundsun.util.ConfigUtil [ConfigUtil.java : 133] - 开始校验配置文件...
2022-08-29 11:42:40,124 DEBUG com.hundsun.socket.MainSocket [MainSocket.java : 47] - 建立socket连接-----------/127.0.0.1:61159
2022-08-29 11:42:40,124 INFO  com.hundsun.socket.DealSocket [DealSocket.java : 71] - 当前线程名称为：Thread-1,socke 为Socket[addr=/127.0.0.1,port=61159,localport=8080]
2022-08-29 11:42:40,124 DEBUG com.hundsun.socket.DealSocket [DealSocket.java : 74] - 阻塞 socket 准备读取数据...
2022-08-29 11:42:40,124 DEBUG com.hundsun.socket.DealSocket [DealSocket.java : 76] - 收到消息，开始读数据
2022-08-29 11:42:40,124 DEBUG com.hundsun.socket.DealSocket [DealSocket.java : 78] - 读入 socket 发送过来的数据成功{"name":vale}
2022-08-29 11:42:40,140 DEBUG com.hundsun.socket.DealSocket [DealSocket.java : 79] - 开始发送 https
2022-08-29 11:42:40,140 DEBUG com.hundsun.util.HttpUtil [HttpUtil.java : 48] - 发送 https 请求开始：url为:https://www.comeonw.com/wang，数据内容为：{"name":vale}
2022-08-29 11:42:40,243 INFO  com.hundsun.util.HttpUtil [HttpUtil.java : 59] - 请求内容为：Request{method=POST, url=https://www.comeonw.com/wang, headers=[X_DBS_ORGID:IECNCN, X_DBS_PROFILE:DEFAULT, X-DBS-CHANNEL_ID:]}
2022-08-29 11:42:40,243 DEBUG com.hundsun.util.HttpUtil [HttpUtil.java : 187] - 开始初始化 https 发送对象
2022-08-29 11:42:40,337 DEBUG com.hundsun.util.SSLSocketUtils [SSLSocketUtils.java : 58] - 开始初始化 SSL Socket Factory...
2022-08-29 11:42:40,806 DEBUG com.hundsun.util.SSLSocketUtils [SSLSocketUtils.java : 93] - 开始加载客户端数字证书 —— 用于发送给银行进行双向认证...
2022-08-29 11:42:40,931 DEBUG com.hundsun.dto.MyTrustManager [MyTrustManager.java : 57] - 开始加载服务端 CA 证书 —— 用于校验服务端数字证书...
2022-08-29 11:42:41,383 DEBUG com.hundsun.util.SSLSocketUtils [SSLSocketUtils.java : 68] - 成功初始化 SSL Socket Factory
2022-08-29 11:42:41,399 DEBUG com.hundsun.util.HttpUtil [HttpUtil.java : 214] - 成功初始化 https 发送对象
2022-08-29 11:42:41,555 DEBUG com.hundsun.util.HttpUtil [HttpUtil.java : 67] - 发送 https 结束：返回数据内容：{"hhh":3232}
2022-08-29 11:42:41,555 DEBUG com.hundsun.socket.DealSocket [DealSocket.java : 74] - 阻塞 socket 准备读取数据...
2022-08-29 15:10:05,550 DEBUG com.hundsun.BridgeBootStrap [BridgeBootStrap.java : 25] - 开始启动 Java 桥接器
2022-08-29 15:10:05,550 DEBUG com.hundsun.util.ConfigUtil [ConfigUtil.java : 64] - 开始加载配置文件...
2022-08-29 15:10:05,597 DEBUG com.hundsun.util.ConfigUtil [ConfigUtil.java : 132] - 开始校验配置文件...
2022-08-29 15:10:14,937 DEBUG com.hundsun.socket.MainSocket [MainSocket.java : 47] - 建立socket连接-----------/127.0.0.1:62689
2022-08-29 15:10:14,937 INFO  com.hundsun.socket.DealSocket [DealSocket.java : 72] - 当前线程名称为：Thread-1,socke 为Socket[addr=/127.0.0.1,port=62689,localport=8080]
2022-08-29 15:10:14,937 DEBUG com.hundsun.socket.DealSocket [DealSocket.java : 75] - 阻塞 socket 准备读取数据...
2022-08-29 15:10:14,937 DEBUG com.hundsun.socket.DealSocket [DealSocket.java : 77] - 收到消息，开始读数据
2022-08-29 15:11:09,827 ERROR com.hundsun.socket.DealSocket [DealSocket.java : 180] - 读入数据失败
2022-08-29 15:11:09,827 ERROR com.hundsun.socket.DealSocket [DealSocket.java : 89] - 处理 gxp socket请求异常，socket 异常断开
2022-08-29 15:11:09,827 ERROR com.hundsun.socket.DealSocket [DealSocket.java : 90] - java.lang.RuntimeException: 从指定端口读入数据失败
	at com.hundsun.socket.DealSocket.readJson(DealSocket.java:181)
	at com.hundsun.socket.DealSocket.run(DealSocket.java:79)
Caused by: java.net.SocketException: Connection reset
	at java.net.SocketInputStream.read(SocketInputStream.java:210)
	at java.net.SocketInputStream.read(SocketInputStream.java:141)
	at sun.nio.cs.StreamDecoder.readBytes(StreamDecoder.java:284)
	at sun.nio.cs.StreamDecoder.implRead(StreamDecoder.java:326)
	at sun.nio.cs.StreamDecoder.read(StreamDecoder.java:178)
	at java.io.InputStreamReader.read(InputStreamReader.java:184)
	at java.io.BufferedReader.fill(BufferedReader.java:161)
	at java.io.BufferedReader.read(BufferedReader.java:182)
	at com.hundsun.socket.DealSocket.readJson(DealSocket.java:170)
	... 1 more

2022-08-29 15:11:09,827 ERROR com.hundsun.socket.DealSocket [DealSocket.java : 111] - 关闭 socket 成功
2022-08-29 15:11:12,414 DEBUG com.hundsun.socket.MainSocket [MainSocket.java : 47] - 建立socket连接-----------/127.0.0.1:62707
2022-08-29 15:11:12,414 INFO  com.hundsun.socket.DealSocket [DealSocket.java : 72] - 当前线程名称为：Thread-2,socke 为Socket[addr=/127.0.0.1,port=62707,localport=8080]
2022-08-29 15:11:12,414 DEBUG com.hundsun.socket.DealSocket [DealSocket.java : 75] - 阻塞 socket 准备读取数据...
2022-08-29 15:11:12,414 DEBUG com.hundsun.socket.DealSocket [DealSocket.java : 77] - 收到消息，开始读数据
2022-08-29 15:11:12,414 DEBUG com.hundsun.socket.DealSocket [DealSocket.java : 80] - 读入 socket 发送过来的数据成功发送的 url 对应的配置为：requestUrl1，数据内容为：{{"name":vale}
2022-08-29 15:11:12,414 DEBUG com.hundsun.socket.DealSocket [DealSocket.java : 81] - 开始发送 https
2022-08-29 15:11:12,414 DEBUG com.hundsun.util.HttpUtil [HttpUtil.java : 48] - 发送 https 请求开始：url为:https://www.comeonw.com/wang，数据内容为：{{"name":vale}
2022-08-29 15:11:12,534 INFO  com.hundsun.util.HttpUtil [HttpUtil.java : 59] - 请求内容为：Request{method=POST, url=https://www.comeonw.com/wang, headers=[X-DBS-ORG_ID:IECNCN, X-DBS-PROFILE:DEFAULT, X-DBS-CHANNEL_ID:]}
2022-08-29 15:11:12,534 DEBUG com.hundsun.util.HttpUtil [HttpUtil.java : 187] - 开始初始化 https 发送对象
2022-08-29 15:11:12,596 DEBUG com.hundsun.util.SSLSocketUtils [SSLSocketUtils.java : 58] - 开始初始化 SSL Socket Factory...
2022-08-29 15:11:12,888 DEBUG com.hundsun.util.SSLSocketUtils [SSLSocketUtils.java : 93] - 开始加载客户端数字证书 —— 用于发送给银行进行双向认证...
2022-08-29 15:11:12,951 DEBUG com.hundsun.dto.MyTrustManager [MyTrustManager.java : 57] - 开始加载服务端 CA 证书 —— 用于校验服务端数字证书...
2022-08-29 15:11:13,154 DEBUG com.hundsun.util.SSLSocketUtils [SSLSocketUtils.java : 68] - 成功初始化 SSL Socket Factory
2022-08-29 15:11:13,169 DEBUG com.hundsun.util.HttpUtil [HttpUtil.java : 214] - 成功初始化 https 发送对象
2022-08-29 15:11:13,279 DEBUG com.hundsun.util.HttpUtil [HttpUtil.java : 67] - 发送 https 结束：返回数据内容：{"hhh":3232}
2022-08-29 15:11:13,279 DEBUG com.hundsun.socket.DealSocket [DealSocket.java : 75] - 阻塞 socket 准备读取数据...
2022-08-29 15:12:29,988 DEBUG com.hundsun.BridgeBootStrap [BridgeBootStrap.java : 25] - 开始启动 Java 桥接器
2022-08-29 15:12:29,988 DEBUG com.hundsun.util.ConfigUtil [ConfigUtil.java : 64] - 开始加载配置文件...
2022-08-29 15:12:30,034 DEBUG com.hundsun.util.ConfigUtil [ConfigUtil.java : 132] - 开始校验配置文件...
2022-08-29 15:12:43,543 DEBUG com.hundsun.socket.MainSocket [MainSocket.java : 47] - 建立socket连接-----------/127.0.0.1:62740
2022-08-29 15:12:43,543 INFO  com.hundsun.socket.DealSocket [DealSocket.java : 72] - 当前线程名称为：Thread-1,socke 为Socket[addr=/127.0.0.1,port=62740,localport=8080]
2022-08-29 15:12:43,543 DEBUG com.hundsun.socket.DealSocket [DealSocket.java : 75] - 阻塞 socket 准备读取数据...
2022-08-29 15:12:43,543 DEBUG com.hundsun.socket.DealSocket [DealSocket.java : 77] - 收到消息，开始读数据
2022-08-29 15:12:43,543 DEBUG com.hundsun.socket.DealSocket [DealSocket.java : 80] - 读入 socket 发送过来的数据成功，url对应的key为：requestUrl1，数据内容为：{"name":vale}
2022-08-29 15:12:43,559 DEBUG com.hundsun.socket.DealSocket [DealSocket.java : 81] - 开始发送 https
2022-08-29 15:12:43,559 DEBUG com.hundsun.util.HttpUtil [HttpUtil.java : 48] - 发送 https 请求开始：url为:https://www.comeonw.com/wang，数据内容为：{"name":vale}
2022-08-29 15:12:43,621 INFO  com.hundsun.util.HttpUtil [HttpUtil.java : 59] - 请求内容为：Request{method=POST, url=https://www.comeonw.com/wang, headers=[X-DBS-ORG_ID:IECNCN, X-DBS-PROFILE:DEFAULT, X-DBS-CHANNEL_ID:]}
2022-08-29 15:12:43,637 DEBUG com.hundsun.util.HttpUtil [HttpUtil.java : 187] - 开始初始化 https 发送对象
2022-08-29 15:12:43,691 DEBUG com.hundsun.util.SSLSocketUtils [SSLSocketUtils.java : 58] - 开始初始化 SSL Socket Factory...
2022-08-29 15:12:43,976 DEBUG com.hundsun.util.SSLSocketUtils [SSLSocketUtils.java : 93] - 开始加载客户端数字证书 —— 用于发送给银行进行双向认证...
2022-08-29 15:12:44,038 DEBUG com.hundsun.dto.MyTrustManager [MyTrustManager.java : 57] - 开始加载服务端 CA 证书 —— 用于校验服务端数字证书...
2022-08-29 15:12:44,257 DEBUG com.hundsun.util.SSLSocketUtils [SSLSocketUtils.java : 68] - 成功初始化 SSL Socket Factory
2022-08-29 15:12:44,272 DEBUG com.hundsun.util.HttpUtil [HttpUtil.java : 214] - 成功初始化 https 发送对象
2022-08-29 15:12:44,350 DEBUG com.hundsun.util.HttpUtil [HttpUtil.java : 67] - 发送 https 结束：返回数据内容：{"hhh":3232}
2022-08-29 15:12:44,350 DEBUG com.hundsun.socket.DealSocket [DealSocket.java : 75] - 阻塞 socket 准备读取数据...
2022-08-29 15:13:16,236 DEBUG com.hundsun.socket.MainSocket [MainSocket.java : 47] - 建立socket连接-----------/127.0.0.1:62751
2022-08-29 15:13:16,236 INFO  com.hundsun.socket.DealSocket [DealSocket.java : 72] - 当前线程名称为：Thread-3,socke 为Socket[addr=/127.0.0.1,port=62751,localport=8080]
2022-08-29 15:13:16,236 DEBUG com.hundsun.socket.DealSocket [DealSocket.java : 75] - 阻塞 socket 准备读取数据...
2022-08-29 15:13:16,236 DEBUG com.hundsun.socket.DealSocket [DealSocket.java : 77] - 收到消息，开始读数据
2022-08-29 15:13:16,236 DEBUG com.hundsun.socket.DealSocket [DealSocket.java : 80] - 读入 socket 发送过来的数据成功，url对应的key为：requestUrl3，数据内容为：{"name":vale}
2022-08-29 15:13:16,236 DEBUG com.hundsun.socket.DealSocket [DealSocket.java : 81] - 开始发送 https
2022-08-29 15:13:16,236 ERROR com.hundsun.socket.DealSocket [DealSocket.java : 192] - 无法根据requestUrl3在配置文件中找到相应的配置
2022-08-29 15:13:16,252 ERROR com.hundsun.socket.DealSocket [DealSocket.java : 223] - 将数据null返回给 gxp 失败
2022-08-29 15:13:16,252 ERROR com.hundsun.socket.DealSocket [DealSocket.java : 89] - 处理 gxp socket请求异常，socket 异常断开
2022-08-29 15:13:16,252 ERROR com.hundsun.socket.DealSocket [DealSocket.java : 90] - java.lang.RuntimeException: 将数据{}返回给 gxp 失败
	at com.hundsun.socket.DealSocket.writeJson(DealSocket.java:224)
	at com.hundsun.socket.DealSocket.run(DealSocket.java:85)
Caused by: java.lang.NullPointerException
	at java.io.Writer.write(Writer.java:157)
	at com.hundsun.socket.DealSocket.writeJson(DealSocket.java:220)
	... 1 more

2022-08-29 15:13:16,252 ERROR com.hundsun.socket.DealSocket [DealSocket.java : 111] - 关闭 socket 成功
2022-08-29 15:14:56,027 DEBUG com.hundsun.socket.MainSocket [MainSocket.java : 47] - 建立socket连接-----------/127.0.0.1:62773
2022-08-29 15:14:56,027 INFO  com.hundsun.socket.DealSocket [DealSocket.java : 72] - 当前线程名称为：Thread-4,socke 为Socket[addr=/127.0.0.1,port=62773,localport=8080]
2022-08-29 15:14:56,027 DEBUG com.hundsun.socket.DealSocket [DealSocket.java : 75] - 阻塞 socket 准备读取数据...
2022-08-29 15:14:56,027 DEBUG com.hundsun.socket.DealSocket [DealSocket.java : 77] - 收到消息，开始读数据
2022-08-29 15:14:56,027 DEBUG com.hundsun.socket.DealSocket [DealSocket.java : 80] - 读入 socket 发送过来的数据成功，url对应的key为：requestUrl3，数据内容为：{"name":vale}
2022-08-29 15:14:56,027 DEBUG com.hundsun.socket.DealSocket [DealSocket.java : 81] - 开始发送 https
2022-08-29 15:14:56,027 ERROR com.hundsun.socket.DealSocket [DealSocket.java : 192] - 无法根据requestUrl3在配置文件中找到相应的配置
2022-08-29 15:15:16,991 ERROR com.hundsun.socket.DealSocket [DealSocket.java : 223] - 将数据null返回给 gxp 失败
2022-08-29 15:15:16,991 ERROR com.hundsun.socket.DealSocket [DealSocket.java : 89] - 处理 gxp socket请求异常，socket 异常断开
2022-08-29 15:15:16,991 ERROR com.hundsun.socket.DealSocket [DealSocket.java : 90] - java.lang.RuntimeException: 将数据{}返回给 gxp 失败
	at com.hundsun.socket.DealSocket.writeJson(DealSocket.java:224)
	at com.hundsun.socket.DealSocket.run(DealSocket.java:85)
Caused by: java.lang.NullPointerException
	at java.io.Writer.write(Writer.java:157)
	at com.hundsun.socket.DealSocket.writeJson(DealSocket.java:220)
	... 1 more

2022-08-29 15:15:16,991 ERROR com.hundsun.socket.DealSocket [DealSocket.java : 111] - 关闭 socket 成功
2022-08-29 15:15:38,920 DEBUG com.hundsun.BridgeBootStrap [BridgeBootStrap.java : 25] - 开始启动 Java 桥接器
2022-08-29 15:15:38,936 DEBUG com.hundsun.util.ConfigUtil [ConfigUtil.java : 64] - 开始加载配置文件...
2022-08-29 15:15:38,967 DEBUG com.hundsun.util.ConfigUtil [ConfigUtil.java : 132] - 开始校验配置文件...
2022-08-29 15:15:46,287 DEBUG com.hundsun.socket.MainSocket [MainSocket.java : 47] - 建立socket连接-----------/127.0.0.1:62796
2022-08-29 15:15:46,287 INFO  com.hundsun.socket.DealSocket [DealSocket.java : 72] - 当前线程名称为：Thread-1,socke 为Socket[addr=/127.0.0.1,port=62796,localport=8080]
2022-08-29 15:15:46,287 DEBUG com.hundsun.socket.DealSocket [DealSocket.java : 75] - 阻塞 socket 准备读取数据...
2022-08-29 15:15:46,287 DEBUG com.hundsun.socket.DealSocket [DealSocket.java : 77] - 收到消息，开始读数据
2022-08-29 15:15:46,287 DEBUG com.hundsun.socket.DealSocket [DealSocket.java : 80] - 读入 socket 发送过来的数据成功，url对应的key为：requestUrl3，数据内容为：{"name":vale}
2022-08-29 15:15:46,303 DEBUG com.hundsun.socket.DealSocket [DealSocket.java : 81] - 开始发送 https
2022-08-29 15:15:46,303 ERROR com.hundsun.socket.DealSocket [DealSocket.java : 192] - 无法根据requestUrl3在配置文件中找到相应的配置
2022-08-29 15:15:46,303 DEBUG com.hundsun.socket.DealSocket [DealSocket.java : 75] - 阻塞 socket 准备读取数据...
2022-08-29 15:16:07,441 DEBUG com.hundsun.socket.MainSocket [MainSocket.java : 47] - 建立socket连接-----------/127.0.0.1:62807
2022-08-29 15:16:07,441 INFO  com.hundsun.socket.DealSocket [DealSocket.java : 72] - 当前线程名称为：Thread-2,socke 为Socket[addr=/127.0.0.1,port=62807,localport=8080]
2022-08-29 15:16:07,441 DEBUG com.hundsun.socket.DealSocket [DealSocket.java : 75] - 阻塞 socket 准备读取数据...
2022-08-29 15:16:07,441 DEBUG com.hundsun.socket.DealSocket [DealSocket.java : 77] - 收到消息，开始读数据
2022-08-29 15:16:07,441 DEBUG com.hundsun.socket.DealSocket [DealSocket.java : 80] - 读入 socket 发送过来的数据成功，url对应的key为：requestUrl3，数据内容为：{"name":vale}
2022-08-29 15:16:07,441 DEBUG com.hundsun.socket.DealSocket [DealSocket.java : 81] - 开始发送 https
2022-08-29 15:16:07,441 ERROR com.hundsun.socket.DealSocket [DealSocket.java : 192] - 无法根据requestUrl3在配置文件中找到相应的配置
2022-08-29 15:16:35,655 DEBUG com.hundsun.socket.DealSocket [DealSocket.java : 75] - 阻塞 socket 准备读取数据...
2022-08-29 15:18:04,232 DEBUG com.hundsun.BridgeBootStrap [BridgeBootStrap.java : 25] - 开始启动 Java 桥接器
2022-08-29 15:18:04,247 DEBUG com.hundsun.util.ConfigUtil [ConfigUtil.java : 64] - 开始加载配置文件...
2022-08-29 15:18:04,278 DEBUG com.hundsun.util.ConfigUtil [ConfigUtil.java : 132] - 开始校验配置文件...
2022-08-29 15:18:10,139 DEBUG com.hundsun.socket.MainSocket [MainSocket.java : 47] - 建立socket连接-----------/127.0.0.1:62836
2022-08-29 15:18:10,139 INFO  com.hundsun.socket.DealSocket [DealSocket.java : 72] - 当前线程名称为：Thread-1,socke 为Socket[addr=/127.0.0.1,port=62836,localport=8080]
2022-08-29 15:18:10,139 DEBUG com.hundsun.socket.DealSocket [DealSocket.java : 75] - 阻塞 socket 准备读取数据...
2022-08-29 15:18:10,139 DEBUG com.hundsun.socket.DealSocket [DealSocket.java : 77] - 收到消息，开始读数据
2022-08-29 15:18:10,139 DEBUG com.hundsun.socket.DealSocket [DealSocket.java : 80] - 读入 socket 发送过来的数据成功，url对应的key为：requestUrl3，数据内容为：{"name":vale}
2022-08-29 15:18:10,139 DEBUG com.hundsun.socket.DealSocket [DealSocket.java : 81] - 开始发送 https
2022-08-29 15:18:10,139 ERROR com.hundsun.socket.DealSocket [DealSocket.java : 192] - 无法根据requestUrl3在配置文件中找到相应的配置
2022-08-29 15:18:14,197 DEBUG com.hundsun.socket.DealSocket [DealSocket.java : 75] - 阻塞 socket 准备读取数据...
2022-08-29 18:26:02,754 DEBUG com.hundsun.BridgeBootStrap [BridgeBootStrap.java : 25] - 开始启动 Java 桥接器
2022-08-29 18:26:02,760 DEBUG com.hundsun.util.ConfigUtil [ConfigUtil.java : 64] - 开始加载配置文件...
2022-08-29 18:26:02,799 DEBUG com.hundsun.util.ConfigUtil [ConfigUtil.java : 132] - 开始校验配置文件...
2022-08-29 18:26:39,986 DEBUG com.hundsun.socket.MainSocket [MainSocket.java : 47] - 建立socket连接-----------/127.0.0.1:58177
2022-08-29 18:26:39,993 INFO  com.hundsun.socket.DealSocket [DealSocket.java : 72] - 当前线程名称为：Thread-1,socke 为Socket[addr=/127.0.0.1,port=58177,localport=8080]
2022-08-29 18:26:39,993 DEBUG com.hundsun.socket.DealSocket [DealSocket.java : 75] - 阻塞 socket 准备读取数据...
2022-08-29 18:26:39,994 DEBUG com.hundsun.socket.DealSocket [DealSocket.java : 77] - 收到消息，开始读数据
2022-08-29 18:26:39,994 DEBUG com.hundsun.socket.DealSocket [DealSocket.java : 80] - 读入 socket 发送过来的数据成功，url对应的key为：requestUrl3，数据内容为：{"name":vale}
2022-08-29 18:26:39,995 DEBUG com.hundsun.socket.DealSocket [DealSocket.java : 81] - 开始发送 https
2022-08-29 18:26:39,997 ERROR com.hundsun.socket.DealSocket [DealSocket.java : 192] - 无法根据requestUrl3在配置文件中找到相应的配置
2022-08-29 18:26:40,001 DEBUG com.hundsun.socket.DealSocket [DealSocket.java : 75] - 阻塞 socket 准备读取数据...
2022-08-29 18:27:18,143 DEBUG com.hundsun.socket.MainSocket [MainSocket.java : 47] - 建立socket连接-----------/127.0.0.1:58192
2022-08-29 18:27:18,144 INFO  com.hundsun.socket.DealSocket [DealSocket.java : 72] - 当前线程名称为：Thread-2,socke 为Socket[addr=/127.0.0.1,port=58192,localport=8080]
2022-08-29 18:27:18,144 DEBUG com.hundsun.socket.DealSocket [DealSocket.java : 75] - 阻塞 socket 准备读取数据...
2022-08-29 18:27:18,145 DEBUG com.hundsun.socket.DealSocket [DealSocket.java : 77] - 收到消息，开始读数据
2022-08-29 18:27:18,145 DEBUG com.hundsun.socket.DealSocket [DealSocket.java : 80] - 读入 socket 发送过来的数据成功，url对应的key为：requestUrl1，数据内容为：{"name":vale}
2022-08-29 18:27:18,145 DEBUG com.hundsun.socket.DealSocket [DealSocket.java : 81] - 开始发送 https
2022-08-29 18:27:18,148 DEBUG com.hundsun.util.HttpUtil [HttpUtil.java : 48] - 发送 https 请求开始：url为:https://www.comeonw.com/wang，数据内容为：{"name":vale}
2022-08-29 18:27:18,250 INFO  com.hundsun.util.HttpUtil [HttpUtil.java : 59] - 请求内容为：Request{method=POST, url=https://www.comeonw.com/wang, headers=[X-DBS-ORG_ID:IECNCN, X-DBS-PROFILE:DEFAULT, X-DBS-CHANNEL_ID:]}
2022-08-29 18:27:18,252 DEBUG com.hundsun.util.HttpUtil [HttpUtil.java : 187] - 开始初始化 https 发送对象
2022-08-29 18:27:18,318 DEBUG com.hundsun.util.SSLSocketUtils [SSLSocketUtils.java : 58] - 开始初始化 SSL Socket Factory...
2022-08-29 18:27:18,645 DEBUG com.hundsun.util.SSLSocketUtils [SSLSocketUtils.java : 93] - 开始加载客户端数字证书 —— 用于发送给银行进行双向认证...
2022-08-29 18:27:18,706 DEBUG com.hundsun.dto.MyTrustManager [MyTrustManager.java : 57] - 开始加载服务端 CA 证书 —— 用于校验服务端数字证书...
2022-08-29 18:27:18,985 DEBUG com.hundsun.util.SSLSocketUtils [SSLSocketUtils.java : 68] - 成功初始化 SSL Socket Factory
2022-08-29 18:27:19,010 DEBUG com.hundsun.util.HttpUtil [HttpUtil.java : 214] - 成功初始化 https 发送对象
2022-08-29 18:27:29,153 ERROR com.hundsun.util.HttpUtil [HttpUtil.java : 72] - 与银行连接超时
2022-08-29 18:27:29,154 ERROR com.hundsun.util.HttpUtil [HttpUtil.java : 73] - java.net.SocketTimeoutException: timeout
	at okio.SocketAsyncTimeout.newTimeoutException(JvmOkio.kt:147)
	at okio.AsyncTimeout.access$newTimeoutException(AsyncTimeout.kt:158)
	at okio.AsyncTimeout$source$1.read(AsyncTimeout.kt:337)
	at okio.RealBufferedSource.indexOf(RealBufferedSource.kt:427)
	at okio.RealBufferedSource.readUtf8LineStrict(RealBufferedSource.kt:320)
	at okhttp3.internal.http1.HeadersReader.readLine(HeadersReader.kt:29)
	at okhttp3.internal.http1.Http1ExchangeCodec.readResponseHeaders(Http1ExchangeCodec.kt:178)
	at okhttp3.internal.connection.Exchange.readResponseHeaders(Exchange.kt:106)
	at okhttp3.internal.http.CallServerInterceptor.intercept(CallServerInterceptor.kt:79)
	at okhttp3.internal.http.RealInterceptorChain.proceed(RealInterceptorChain.kt:109)
	at okhttp3.internal.connection.ConnectInterceptor.intercept(ConnectInterceptor.kt:34)
	at okhttp3.internal.http.RealInterceptorChain.proceed(RealInterceptorChain.kt:109)
	at okhttp3.internal.cache.CacheInterceptor.intercept(CacheInterceptor.kt:95)
	at okhttp3.internal.http.RealInterceptorChain.proceed(RealInterceptorChain.kt:109)
	at okhttp3.internal.http.BridgeInterceptor.intercept(BridgeInterceptor.kt:83)
	at okhttp3.internal.http.RealInterceptorChain.proceed(RealInterceptorChain.kt:109)
	at okhttp3.internal.http.RetryAndFollowUpInterceptor.intercept(RetryAndFollowUpInterceptor.kt:76)
	at okhttp3.internal.http.RealInterceptorChain.proceed(RealInterceptorChain.kt:109)
	at okhttp3.internal.connection.RealCall.getResponseWithInterceptorChain$okhttp(RealCall.kt:201)
	at okhttp3.internal.connection.RealCall.execute(RealCall.kt:154)
	at com.hundsun.util.HttpUtil.httpsPost(HttpUtil.java:61)
	at com.hundsun.socket.DealSocket.sendHttpsAndGetRes(DealSocket.java:197)
	at com.hundsun.socket.DealSocket.run(DealSocket.java:82)
Caused by: java.net.SocketTimeoutException: Read timed out
	at java.net.SocketInputStream.socketRead0(Native Method)
	at java.net.SocketInputStream.socketRead(SocketInputStream.java:116)
	at java.net.SocketInputStream.read(SocketInputStream.java:171)
	at java.net.SocketInputStream.read(SocketInputStream.java:141)
	at sun.security.ssl.InputRecord.readFully(InputRecord.java:465)
	at sun.security.ssl.InputRecord.read(InputRecord.java:503)
	at sun.security.ssl.SSLSocketImpl.readRecord(SSLSocketImpl.java:973)
	at sun.security.ssl.SSLSocketImpl.readDataRecord(SSLSocketImpl.java:930)
	at sun.security.ssl.AppInputStream.read(AppInputStream.java:105)
	at okio.InputStreamSource.read(JvmOkio.kt:94)
	at okio.AsyncTimeout$source$1.read(AsyncTimeout.kt:125)
	... 20 more

2022-08-29 18:27:29,155 ERROR com.hundsun.socket.DealSocket [DealSocket.java : 201] - 发送 HTTPS 失败，错误信息:{与银行端连接超时！}
2022-08-29 18:27:29,155 DEBUG com.hundsun.socket.DealSocket [DealSocket.java : 75] - 阻塞 socket 准备读取数据...
2022-08-29 19:09:08,462 DEBUG com.hundsun.socket.MainSocket [MainSocket.java : 47] - 建立socket连接-----------/127.0.0.1:59961
2022-08-29 19:09:08,464 INFO  com.hundsun.socket.DealSocket [DealSocket.java : 73] - 当前线程名称为：Thread-4,socke 为Socket[addr=/127.0.0.1,port=59961,localport=8080]
2022-08-29 19:09:08,464 DEBUG com.hundsun.socket.DealSocket [DealSocket.java : 76] - 阻塞 socket 准备读取数据...
2022-08-29 19:09:08,464 DEBUG com.hundsun.socket.DealSocket [DealSocket.java : 78] - 收到消息，开始读数据
2022-08-29 19:09:08,464 DEBUG com.hundsun.socket.DealSocket [DealSocket.java : 81] - 读入 socket 发送过来的数据成功，url对应的key为：requestUrl1，数据内容为：{wewe:ewwe}
2022-08-29 19:09:08,464 DEBUG com.hundsun.socket.DealSocket [DealSocket.java : 82] - 开始发送 https
2022-08-29 19:09:08,464 DEBUG com.hundsun.util.HttpUtil [HttpUtil.java : 48] - 发送 https 请求开始：url为:https://www.comeonw.com/wang，数据内容为：{wewe:ewwe}
2022-08-29 19:09:08,465 INFO  com.hundsun.util.HttpUtil [HttpUtil.java : 59] - 请求内容为：Request{method=POST, url=https://www.comeonw.com/wang, headers=[X-DBS-ORG_ID:IECNCN, X-DBS-PROFILE:DEFAULT, X-DBS-CHANNEL_ID:]}
2022-08-29 19:09:14,796 DEBUG com.hundsun.util.HttpUtil [HttpUtil.java : 67] - 发送 https 结束：返回数据内容：{"hhh":3232}
2022-08-29 19:09:14,796 INFO  com.hundsun.socket.DealSocket [DealSocket.java : 86] - 将数据:{"hhh":3232}返回给 socket 客户端
2022-08-29 19:09:14,796 DEBUG com.hundsun.socket.DealSocket [DealSocket.java : 76] - 阻塞 socket 准备读取数据...
2022-08-29 19:10:06,306 DEBUG com.hundsun.socket.MainSocket [MainSocket.java : 47] - 建立socket连接-----------/127.0.0.1:59977
2022-08-29 19:10:06,306 INFO  com.hundsun.socket.DealSocket [DealSocket.java : 73] - 当前线程名称为：Thread-5,socke 为Socket[addr=/127.0.0.1,port=59977,localport=8080]
2022-08-29 19:10:06,307 DEBUG com.hundsun.socket.DealSocket [DealSocket.java : 76] - 阻塞 socket 准备读取数据...
2022-08-29 19:10:06,307 DEBUG com.hundsun.socket.DealSocket [DealSocket.java : 78] - 收到消息，开始读数据
2022-08-29 19:10:06,307 DEBUG com.hundsun.socket.DealSocket [DealSocket.java : 81] - 读入 socket 发送过来的数据成功，url对应的key为：requestUrl1，数据内容为：{wewe:ewwe}
2022-08-29 19:10:06,307 DEBUG com.hundsun.socket.DealSocket [DealSocket.java : 82] - 开始发送 https
2022-08-29 19:10:06,307 DEBUG com.hundsun.util.HttpUtil [HttpUtil.java : 48] - 发送 https 请求开始：url为:https://www.comeonw.com/wang，数据内容为：{wewe:ewwe}
2022-08-29 19:10:06,308 INFO  com.hundsun.util.HttpUtil [HttpUtil.java : 59] - 请求内容为：Request{method=POST, url=https://www.comeonw.com/wang, headers=[X-DBS-ORG_ID:IECNCN, X-DBS-PROFILE:DEFAULT, X-DBS-CHANNEL_ID:]}
2022-08-29 19:10:16,323 ERROR com.hundsun.util.HttpUtil [HttpUtil.java : 72] - 与银行连接超时
2022-08-29 19:10:16,324 ERROR com.hundsun.util.HttpUtil [HttpUtil.java : 73] - java.net.SocketTimeoutException: timeout
	at okio.SocketAsyncTimeout.newTimeoutException(JvmOkio.kt:147)
	at okio.AsyncTimeout.access$newTimeoutException(AsyncTimeout.kt:158)
	at okio.AsyncTimeout$source$1.read(AsyncTimeout.kt:337)
	at okio.RealBufferedSource.indexOf(RealBufferedSource.kt:427)
	at okio.RealBufferedSource.readUtf8LineStrict(RealBufferedSource.kt:320)
	at okhttp3.internal.http1.HeadersReader.readLine(HeadersReader.kt:29)
	at okhttp3.internal.http1.Http1ExchangeCodec.readResponseHeaders(Http1ExchangeCodec.kt:178)
	at okhttp3.internal.connection.Exchange.readResponseHeaders(Exchange.kt:106)
	at okhttp3.internal.http.CallServerInterceptor.intercept(CallServerInterceptor.kt:79)
	at okhttp3.internal.http.RealInterceptorChain.proceed(RealInterceptorChain.kt:109)
	at okhttp3.internal.connection.ConnectInterceptor.intercept(ConnectInterceptor.kt:34)
	at okhttp3.internal.http.RealInterceptorChain.proceed(RealInterceptorChain.kt:109)
	at okhttp3.internal.cache.CacheInterceptor.intercept(CacheInterceptor.kt:95)
	at okhttp3.internal.http.RealInterceptorChain.proceed(RealInterceptorChain.kt:109)
	at okhttp3.internal.http.BridgeInterceptor.intercept(BridgeInterceptor.kt:83)
	at okhttp3.internal.http.RealInterceptorChain.proceed(RealInterceptorChain.kt:109)
	at okhttp3.internal.http.RetryAndFollowUpInterceptor.intercept(RetryAndFollowUpInterceptor.kt:76)
	at okhttp3.internal.http.RealInterceptorChain.proceed(RealInterceptorChain.kt:109)
	at okhttp3.internal.connection.RealCall.getResponseWithInterceptorChain$okhttp(RealCall.kt:201)
	at okhttp3.internal.connection.RealCall.execute(RealCall.kt:154)
	at com.hundsun.util.HttpUtil.httpsPost(HttpUtil.java:61)
	at com.hundsun.socket.DealSocket.sendHttpsAndGetRes(DealSocket.java:199)
	at com.hundsun.socket.DealSocket.run(DealSocket.java:83)
Caused by: java.net.SocketTimeoutException: Read timed out
	at java.net.SocketInputStream.socketRead0(Native Method)
	at java.net.SocketInputStream.socketRead(SocketInputStream.java:116)
	at java.net.SocketInputStream.read(SocketInputStream.java:171)
	at java.net.SocketInputStream.read(SocketInputStream.java:141)
	at sun.security.ssl.InputRecord.readFully(InputRecord.java:465)
	at sun.security.ssl.InputRecord.read(InputRecord.java:503)
	at sun.security.ssl.SSLSocketImpl.readRecord(SSLSocketImpl.java:973)
	at sun.security.ssl.SSLSocketImpl.readDataRecord(SSLSocketImpl.java:930)
	at sun.security.ssl.AppInputStream.read(AppInputStream.java:105)
	at okio.InputStreamSource.read(JvmOkio.kt:94)
	at okio.AsyncTimeout$source$1.read(AsyncTimeout.kt:125)
	... 20 more

2022-08-29 19:10:16,324 ERROR com.hundsun.socket.DealSocket [DealSocket.java : 203] - 发送 HTTPS 失败，错误信息:{与银行端连接超时！}
2022-08-29 19:10:16,324 INFO  com.hundsun.socket.DealSocket [DealSocket.java : 86] - 将数据:{与银行端连接超时！}返回给 socket 客户端
2022-08-29 19:10:16,325 DEBUG com.hundsun.socket.DealSocket [DealSocket.java : 76] - 阻塞 socket 准备读取数据...
2022-08-29 19:11:39,191 DEBUG com.hundsun.socket.MainSocket [MainSocket.java : 47] - 建立socket连接-----------/127.0.0.1:59999
2022-08-29 19:11:39,192 INFO  com.hundsun.socket.DealSocket [DealSocket.java : 73] - 当前线程名称为：Thread-6,socke 为Socket[addr=/127.0.0.1,port=59999,localport=8080]
2022-08-29 19:11:39,192 DEBUG com.hundsun.socket.DealSocket [DealSocket.java : 76] - 阻塞 socket 准备读取数据...
2022-08-29 19:11:39,193 DEBUG com.hundsun.socket.DealSocket [DealSocket.java : 78] - 收到消息，开始读数据
2022-08-29 19:11:39,193 DEBUG com.hundsun.socket.DealSocket [DealSocket.java : 81] - 读入 socket 发送过来的数据成功，url对应的key为：requestUrl1，数据内容为：{wewe:ewwe}
2022-08-29 19:11:39,193 DEBUG com.hundsun.socket.DealSocket [DealSocket.java : 82] - 开始发送 https
2022-08-29 19:11:39,193 DEBUG com.hundsun.util.HttpUtil [HttpUtil.java : 48] - 发送 https 请求开始：url为:https://www.comeonw.com/wang，数据内容为：{wewe:ewwe}
2022-08-29 19:11:39,193 INFO  com.hundsun.util.HttpUtil [HttpUtil.java : 59] - 请求内容为：Request{method=POST, url=https://www.comeonw.com/wang, headers=[X-DBS-ORG_ID:IECNCN, X-DBS-PROFILE:DEFAULT, X-DBS-CHANNEL_ID:]}
2022-08-29 19:11:39,200 DEBUG com.hundsun.util.HttpUtil [HttpUtil.java : 67] - 发送 https 结束：返回数据内容：{"hhh":3232}
2022-08-29 19:11:39,200 INFO  com.hundsun.socket.DealSocket [DealSocket.java : 86] - 将数据:{"hhh":3232}返回给 socket 客户端
2022-08-29 19:11:39,200 DEBUG com.hundsun.socket.DealSocket [DealSocket.java : 76] - 阻塞 socket 准备读取数据...
2022-08-29 19:11:56,203 DEBUG com.hundsun.socket.MainSocket [MainSocket.java : 47] - 建立socket连接-----------/127.0.0.1:60008
2022-08-29 19:11:56,204 INFO  com.hundsun.socket.DealSocket [DealSocket.java : 73] - 当前线程名称为：Thread-7,socke 为Socket[addr=/127.0.0.1,port=60008,localport=8080]
2022-08-29 19:11:56,204 DEBUG com.hundsun.socket.DealSocket [DealSocket.java : 76] - 阻塞 socket 准备读取数据...
2022-08-29 19:11:56,204 DEBUG com.hundsun.socket.DealSocket [DealSocket.java : 78] - 收到消息，开始读数据
2022-08-29 19:11:56,204 DEBUG com.hundsun.socket.DealSocket [DealSocket.java : 81] - 读入 socket 发送过来的数据成功，url对应的key为：requestUrl1，数据内容为：{wewe:ewwe}
2022-08-29 19:11:56,204 DEBUG com.hundsun.socket.DealSocket [DealSocket.java : 82] - 开始发送 https
2022-08-29 19:11:56,204 DEBUG com.hundsun.util.HttpUtil [HttpUtil.java : 48] - 发送 https 请求开始：url为:https://www.comeonw.com/wang，数据内容为：{wewe:ewwe}
2022-08-29 19:11:56,205 INFO  com.hundsun.util.HttpUtil [HttpUtil.java : 59] - 请求内容为：Request{method=POST, url=https://www.comeonw.com/wang, headers=[X-DBS-ORG_ID:IECNCN, X-DBS-PROFILE:DEFAULT, X-DBS-CHANNEL_ID:]}
2022-08-29 19:11:56,210 DEBUG com.hundsun.util.HttpUtil [HttpUtil.java : 67] - 发送 https 结束：返回数据内容：{"hhh":3232}
2022-08-29 19:11:56,211 INFO  com.hundsun.socket.DealSocket [DealSocket.java : 86] - 将数据:{"hhh":3232}返回给 socket 客户端
2022-08-29 19:11:56,211 DEBUG com.hundsun.socket.DealSocket [DealSocket.java : 76] - 阻塞 socket 准备读取数据...
2022-08-29 19:12:29,583 DEBUG com.hundsun.socket.MainSocket [MainSocket.java : 47] - 建立socket连接-----------/127.0.0.1:60022
2022-08-29 19:12:29,584 INFO  com.hundsun.socket.DealSocket [DealSocket.java : 73] - 当前线程名称为：Thread-8,socke 为Socket[addr=/127.0.0.1,port=60022,localport=8080]
2022-08-29 19:12:29,584 DEBUG com.hundsun.socket.DealSocket [DealSocket.java : 76] - 阻塞 socket 准备读取数据...
2022-08-29 19:12:29,584 DEBUG com.hundsun.socket.DealSocket [DealSocket.java : 78] - 收到消息，开始读数据
2022-08-29 19:12:29,584 DEBUG com.hundsun.socket.DealSocket [DealSocket.java : 81] - 读入 socket 发送过来的数据成功，url对应的key为：requestUrl1，数据内容为：{wewe:ewwe}
2022-08-29 19:12:29,585 DEBUG com.hundsun.socket.DealSocket [DealSocket.java : 82] - 开始发送 https
2022-08-29 19:12:29,585 DEBUG com.hundsun.util.HttpUtil [HttpUtil.java : 48] - 发送 https 请求开始：url为:https://www.comeonw.com/wang，数据内容为：{wewe:ewwe}
2022-08-29 19:12:29,585 INFO  com.hundsun.util.HttpUtil [HttpUtil.java : 59] - 请求内容为：Request{method=POST, url=https://www.comeonw.com/wang, headers=[X-DBS-ORG_ID:IECNCN, X-DBS-PROFILE:DEFAULT, X-DBS-CHANNEL_ID:]}
2022-08-29 19:12:29,591 DEBUG com.hundsun.util.HttpUtil [HttpUtil.java : 67] - 发送 https 结束：返回数据内容：{"hhh":3232}
2022-08-29 19:12:29,592 INFO  com.hundsun.socket.DealSocket [DealSocket.java : 86] - 将数据:{"hhh":3232}返回给 socket 客户端
2022-08-29 19:12:29,592 DEBUG com.hundsun.socket.DealSocket [DealSocket.java : 76] - 阻塞 socket 准备读取数据...
2022-08-29 19:13:44,345 DEBUG com.hundsun.socket.MainSocket [MainSocket.java : 47] - 建立socket连接-----------/127.0.0.1:60042
2022-08-29 19:13:44,345 INFO  com.hundsun.socket.DealSocket [DealSocket.java : 73] - 当前线程名称为：Thread-9,socke 为Socket[addr=/127.0.0.1,port=60042,localport=8080]
2022-08-29 19:13:44,345 DEBUG com.hundsun.socket.DealSocket [DealSocket.java : 76] - 阻塞 socket 准备读取数据...
2022-08-29 19:13:44,346 DEBUG com.hundsun.socket.DealSocket [DealSocket.java : 78] - 收到消息，开始读数据
2022-08-29 19:13:44,346 DEBUG com.hundsun.socket.DealSocket [DealSocket.java : 81] - 读入 socket 发送过来的数据成功，url对应的key为：requestUrl1，数据内容为：{wewe:ewwe}
2022-08-29 19:13:44,346 DEBUG com.hundsun.socket.DealSocket [DealSocket.java : 82] - 开始发送 https
2022-08-29 19:13:44,346 DEBUG com.hundsun.util.HttpUtil [HttpUtil.java : 48] - 发送 https 请求开始：url为:https://www.comeonw.com/wang，数据内容为：{wewe:ewwe}
2022-08-29 19:13:44,346 INFO  com.hundsun.util.HttpUtil [HttpUtil.java : 59] - 请求内容为：Request{method=POST, url=https://www.comeonw.com/wang, headers=[X-DBS-ORG_ID:IECNCN, X-DBS-PROFILE:DEFAULT, X-DBS-CHANNEL_ID:]}
2022-08-29 19:13:54,358 ERROR com.hundsun.util.HttpUtil [HttpUtil.java : 72] - 与银行连接超时
2022-08-29 19:13:54,358 ERROR com.hundsun.util.HttpUtil [HttpUtil.java : 73] - java.net.SocketTimeoutException: Read timed out
	at java.net.SocketInputStream.socketRead0(Native Method)
	at java.net.SocketInputStream.socketRead(SocketInputStream.java:116)
	at java.net.SocketInputStream.read(SocketInputStream.java:171)
	at java.net.SocketInputStream.read(SocketInputStream.java:141)
	at sun.security.ssl.InputRecord.readFully(InputRecord.java:465)
	at sun.security.ssl.InputRecord.read(InputRecord.java:503)
	at sun.security.ssl.SSLSocketImpl.readRecord(SSLSocketImpl.java:973)
	at sun.security.ssl.SSLSocketImpl.performInitialHandshake(SSLSocketImpl.java:1375)
	at sun.security.ssl.SSLSocketImpl.startHandshake(SSLSocketImpl.java:1403)
	at sun.security.ssl.SSLSocketImpl.startHandshake(SSLSocketImpl.java:1387)
	at okhttp3.internal.connection.RealConnection.connectTls(RealConnection.kt:379)
	at okhttp3.internal.connection.RealConnection.establishProtocol(RealConnection.kt:337)
	at okhttp3.internal.connection.RealConnection.connect(RealConnection.kt:209)
	at okhttp3.internal.connection.ExchangeFinder.findConnection(ExchangeFinder.kt:226)
	at okhttp3.internal.connection.ExchangeFinder.findHealthyConnection(ExchangeFinder.kt:106)
	at okhttp3.internal.connection.ExchangeFinder.find(ExchangeFinder.kt:74)
	at okhttp3.internal.connection.RealCall.initExchange$okhttp(RealCall.kt:255)
	at okhttp3.internal.connection.ConnectInterceptor.intercept(ConnectInterceptor.kt:32)
	at okhttp3.internal.http.RealInterceptorChain.proceed(RealInterceptorChain.kt:109)
	at okhttp3.internal.cache.CacheInterceptor.intercept(CacheInterceptor.kt:95)
	at okhttp3.internal.http.RealInterceptorChain.proceed(RealInterceptorChain.kt:109)
	at okhttp3.internal.http.BridgeInterceptor.intercept(BridgeInterceptor.kt:83)
	at okhttp3.internal.http.RealInterceptorChain.proceed(RealInterceptorChain.kt:109)
	at okhttp3.internal.http.RetryAndFollowUpInterceptor.intercept(RetryAndFollowUpInterceptor.kt:76)
	at okhttp3.internal.http.RealInterceptorChain.proceed(RealInterceptorChain.kt:109)
	at okhttp3.internal.connection.RealCall.getResponseWithInterceptorChain$okhttp(RealCall.kt:201)
	at okhttp3.internal.connection.RealCall.execute(RealCall.kt:154)
	at com.hundsun.util.HttpUtil.httpsPost(HttpUtil.java:61)
	at com.hundsun.socket.DealSocket.sendHttpsAndGetRes(DealSocket.java:199)
	at com.hundsun.socket.DealSocket.run(DealSocket.java:83)

2022-08-29 19:13:54,358 ERROR com.hundsun.socket.DealSocket [DealSocket.java : 203] - 发送 HTTPS 失败，错误信息:{与银行端连接超时！}
2022-08-29 19:13:54,358 INFO  com.hundsun.socket.DealSocket [DealSocket.java : 86] - 将数据:{与银行端连接超时！}返回给 socket 客户端
2022-08-29 19:13:54,359 DEBUG com.hundsun.socket.DealSocket [DealSocket.java : 76] - 阻塞 socket 准备读取数据...
2022-08-29 19:15:56,427 DEBUG com.hundsun.socket.MainSocket [MainSocket.java : 47] - 建立socket连接-----------/127.0.0.1:60073
2022-08-29 19:15:56,430 INFO  com.hundsun.socket.DealSocket [DealSocket.java : 73] - 当前线程名称为：Thread-10,socke 为Socket[addr=/127.0.0.1,port=60073,localport=8080]
2022-08-29 19:15:56,430 DEBUG com.hundsun.socket.DealSocket [DealSocket.java : 76] - 阻塞 socket 准备读取数据...
2022-08-29 19:15:56,430 DEBUG com.hundsun.socket.DealSocket [DealSocket.java : 78] - 收到消息，开始读数据
2022-08-29 19:15:56,431 DEBUG com.hundsun.socket.DealSocket [DealSocket.java : 81] - 读入 socket 发送过来的数据成功，url对应的key为：requestUrl1，数据内容为：{wewe:ewwe}
2022-08-29 19:15:56,431 DEBUG com.hundsun.socket.DealSocket [DealSocket.java : 82] - 开始发送 https
2022-08-29 19:15:56,431 DEBUG com.hundsun.util.HttpUtil [HttpUtil.java : 48] - 发送 https 请求开始：url为:https://www.comeonw.com/wang，数据内容为：{wewe:ewwe}
2022-08-29 19:15:56,431 INFO  com.hundsun.util.HttpUtil [HttpUtil.java : 59] - 请求内容为：Request{method=POST, url=https://www.comeonw.com/wang, headers=[X-DBS-ORG_ID:IECNCN, X-DBS-PROFILE:DEFAULT, X-DBS-CHANNEL_ID:]}
2022-08-29 19:16:06,527 ERROR com.hundsun.util.HttpUtil [HttpUtil.java : 72] - 与银行连接超时
2022-08-29 19:16:06,527 ERROR com.hundsun.util.HttpUtil [HttpUtil.java : 73] - java.net.SocketTimeoutException: Read timed out
	at java.net.SocketInputStream.socketRead0(Native Method)
	at java.net.SocketInputStream.socketRead(SocketInputStream.java:116)
	at java.net.SocketInputStream.read(SocketInputStream.java:171)
	at java.net.SocketInputStream.read(SocketInputStream.java:141)
	at sun.security.ssl.InputRecord.readFully(InputRecord.java:465)
	at sun.security.ssl.InputRecord.read(InputRecord.java:503)
	at sun.security.ssl.SSLSocketImpl.readRecord(SSLSocketImpl.java:973)
	at sun.security.ssl.SSLSocketImpl.performInitialHandshake(SSLSocketImpl.java:1375)
	at sun.security.ssl.SSLSocketImpl.startHandshake(SSLSocketImpl.java:1403)
	at sun.security.ssl.SSLSocketImpl.startHandshake(SSLSocketImpl.java:1387)
	at okhttp3.internal.connection.RealConnection.connectTls(RealConnection.kt:379)
	at okhttp3.internal.connection.RealConnection.establishProtocol(RealConnection.kt:337)
	at okhttp3.internal.connection.RealConnection.connect(RealConnection.kt:209)
	at okhttp3.internal.connection.ExchangeFinder.findConnection(ExchangeFinder.kt:226)
	at okhttp3.internal.connection.ExchangeFinder.findHealthyConnection(ExchangeFinder.kt:106)
	at okhttp3.internal.connection.ExchangeFinder.find(ExchangeFinder.kt:74)
	at okhttp3.internal.connection.RealCall.initExchange$okhttp(RealCall.kt:255)
	at okhttp3.internal.connection.ConnectInterceptor.intercept(ConnectInterceptor.kt:32)
	at okhttp3.internal.http.RealInterceptorChain.proceed(RealInterceptorChain.kt:109)
	at okhttp3.internal.cache.CacheInterceptor.intercept(CacheInterceptor.kt:95)
	at okhttp3.internal.http.RealInterceptorChain.proceed(RealInterceptorChain.kt:109)
	at okhttp3.internal.http.BridgeInterceptor.intercept(BridgeInterceptor.kt:83)
	at okhttp3.internal.http.RealInterceptorChain.proceed(RealInterceptorChain.kt:109)
	at okhttp3.internal.http.RetryAndFollowUpInterceptor.intercept(RetryAndFollowUpInterceptor.kt:76)
	at okhttp3.internal.http.RealInterceptorChain.proceed(RealInterceptorChain.kt:109)
	at okhttp3.internal.connection.RealCall.getResponseWithInterceptorChain$okhttp(RealCall.kt:201)
	at okhttp3.internal.connection.RealCall.execute(RealCall.kt:154)
	at com.hundsun.util.HttpUtil.httpsPost(HttpUtil.java:61)
	at com.hundsun.socket.DealSocket.sendHttpsAndGetRes(DealSocket.java:199)
	at com.hundsun.socket.DealSocket.run(DealSocket.java:83)

2022-08-29 19:16:06,528 ERROR com.hundsun.socket.DealSocket [DealSocket.java : 203] - 发送 HTTPS 失败，错误信息:{与银行端连接超时！}
2022-08-29 19:16:06,528 INFO  com.hundsun.socket.DealSocket [DealSocket.java : 86] - 将数据:{与银行端连接超时！}返回给 socket 客户端
2022-08-29 19:16:06,528 DEBUG com.hundsun.socket.DealSocket [DealSocket.java : 76] - 阻塞 socket 准备读取数据...
2022-08-29 19:33:38,379 DEBUG com.hundsun.socket.MainSocket [MainSocket.java : 47] - 建立socket连接-----------/127.0.0.1:51396
2022-08-29 19:33:38,379 INFO  com.hundsun.socket.DealSocket [DealSocket.java : 73] - 当前线程名称为：Thread-11,socke 为Socket[addr=/127.0.0.1,port=51396,localport=8080]
2022-08-29 19:33:38,379 DEBUG com.hundsun.socket.DealSocket [DealSocket.java : 76] - 阻塞 socket 准备读取数据...
2022-08-29 19:33:38,379 DEBUG com.hundsun.socket.DealSocket [DealSocket.java : 78] - 收到消息，开始读数据
2022-08-29 19:33:38,379 DEBUG com.hundsun.socket.DealSocket [DealSocket.java : 81] - 读入 socket 发送过来的数据成功，url对应的key为：requestUrl1，数据内容为：{wewe:ewwe}
2022-08-29 19:33:38,379 DEBUG com.hundsun.socket.DealSocket [DealSocket.java : 82] - 开始发送 https
2022-08-29 19:33:38,379 DEBUG com.hundsun.util.HttpUtil [HttpUtil.java : 48] - 发送 https 请求开始：url为:https://www.comeonw.com/wang，数据内容为：{wewe:ewwe}
2022-08-29 19:33:38,379 INFO  com.hundsun.util.HttpUtil [HttpUtil.java : 59] - 请求内容为：Request{method=POST, url=https://www.comeonw.com/wang, headers=[X-DBS-ORG_ID:IECNCN, X-DBS-PROFILE:DEFAULT, X-DBS-CHANNEL_ID:]}
2022-08-29 19:33:38,394 ERROR com.hundsun.util.HttpUtil [HttpUtil.java : 80] - 与指定请求路径https://www.comeonw.com/wang进行通信失败，连接断开
2022-08-29 19:33:38,394 ERROR com.hundsun.util.HttpUtil [HttpUtil.java : 81] - java.net.SocketException: Software caused connection abort: socket write error
	at java.net.SocketOutputStream.socketWrite0(Native Method)
	at java.net.SocketOutputStream.socketWrite(SocketOutputStream.java:111)
	at java.net.SocketOutputStream.write(SocketOutputStream.java:155)
	at sun.security.ssl.OutputRecord.writeBuffer(OutputRecord.java:431)
	at sun.security.ssl.OutputRecord.write(OutputRecord.java:417)
	at sun.security.ssl.SSLSocketImpl.writeRecordInternal(SSLSocketImpl.java:876)
	at sun.security.ssl.SSLSocketImpl.writeRecord(SSLSocketImpl.java:847)
	at sun.security.ssl.SSLSocketImpl.writeRecord(SSLSocketImpl.java:717)
	at sun.security.ssl.Handshaker.sendChangeCipherSpec(Handshaker.java:1124)
	at sun.security.ssl.ClientHandshaker.sendChangeCipherAndFinish(ClientHandshaker.java:1216)
	at sun.security.ssl.ClientHandshaker.serverHelloDone(ClientHandshaker.java:1128)
	at sun.security.ssl.ClientHandshaker.processMessage(ClientHandshaker.java:348)
	at sun.security.ssl.Handshaker.processLoop(Handshaker.java:1026)
	at sun.security.ssl.Handshaker.process_record(Handshaker.java:961)
	at sun.security.ssl.SSLSocketImpl.readRecord(SSLSocketImpl.java:1062)
	at sun.security.ssl.SSLSocketImpl.performInitialHandshake(SSLSocketImpl.java:1375)
	at sun.security.ssl.SSLSocketImpl.startHandshake(SSLSocketImpl.java:1403)
	at sun.security.ssl.SSLSocketImpl.startHandshake(SSLSocketImpl.java:1387)
	at okhttp3.internal.connection.RealConnection.connectTls(RealConnection.kt:379)
	at okhttp3.internal.connection.RealConnection.establishProtocol(RealConnection.kt:337)
	at okhttp3.internal.connection.RealConnection.connect(RealConnection.kt:209)
	at okhttp3.internal.connection.ExchangeFinder.findConnection(ExchangeFinder.kt:226)
	at okhttp3.internal.connection.ExchangeFinder.findHealthyConnection(ExchangeFinder.kt:106)
	at okhttp3.internal.connection.ExchangeFinder.find(ExchangeFinder.kt:74)
	at okhttp3.internal.connection.RealCall.initExchange$okhttp(RealCall.kt:255)
	at okhttp3.internal.connection.ConnectInterceptor.intercept(ConnectInterceptor.kt:32)
	at okhttp3.internal.http.RealInterceptorChain.proceed(RealInterceptorChain.kt:109)
	at okhttp3.internal.cache.CacheInterceptor.intercept(CacheInterceptor.kt:95)
	at okhttp3.internal.http.RealInterceptorChain.proceed(RealInterceptorChain.kt:109)
	at okhttp3.internal.http.BridgeInterceptor.intercept(BridgeInterceptor.kt:83)
	at okhttp3.internal.http.RealInterceptorChain.proceed(RealInterceptorChain.kt:109)
	at okhttp3.internal.http.RetryAndFollowUpInterceptor.intercept(RetryAndFollowUpInterceptor.kt:76)
	at okhttp3.internal.http.RealInterceptorChain.proceed(RealInterceptorChain.kt:109)
	at okhttp3.internal.connection.RealCall.getResponseWithInterceptorChain$okhttp(RealCall.kt:201)
	at okhttp3.internal.connection.RealCall.execute(RealCall.kt:154)
	at com.hundsun.util.HttpUtil.httpsPost(HttpUtil.java:61)
	at com.hundsun.socket.DealSocket.sendHttpsAndGetRes(DealSocket.java:199)
	at com.hundsun.socket.DealSocket.run(DealSocket.java:83)

2022-08-29 19:33:38,394 ERROR com.hundsun.socket.DealSocket [DealSocket.java : 203] - 发送 HTTPS 失败，错误信息:{与指定请求路径进行通信失败，socket 连接断开；可能错误原因：可能错误原因：客户端数字证书在服务端校验失败、网络问题等（详细可见桥接器日志）}
2022-08-29 19:33:38,394 INFO  com.hundsun.socket.DealSocket [DealSocket.java : 86] - 将数据:{与指定请求路径进行通信失败，socket 连接断开；可能错误原因：可能错误原因：客户端数字证书在服务端校验失败、网络问题等（详细可见桥接器日志）}返回给 socket 客户端
2022-08-29 19:33:38,394 DEBUG com.hundsun.socket.DealSocket [DealSocket.java : 76] - 阻塞 socket 准备读取数据...
2022-08-29 19:33:50,733 DEBUG com.hundsun.socket.MainSocket [MainSocket.java : 47] - 建立socket连接-----------/127.0.0.1:51414
2022-08-29 19:33:50,733 INFO  com.hundsun.socket.DealSocket [DealSocket.java : 73] - 当前线程名称为：Thread-12,socke 为Socket[addr=/127.0.0.1,port=51414,localport=8080]
2022-08-29 19:33:50,733 DEBUG com.hundsun.socket.DealSocket [DealSocket.java : 76] - 阻塞 socket 准备读取数据...
2022-08-29 19:33:50,733 DEBUG com.hundsun.socket.DealSocket [DealSocket.java : 78] - 收到消息，开始读数据
2022-08-29 19:33:50,733 DEBUG com.hundsun.socket.DealSocket [DealSocket.java : 81] - 读入 socket 发送过来的数据成功，url对应的key为：requestUrl1，数据内容为：{wewe:ewwe}
2022-08-29 19:33:50,733 DEBUG com.hundsun.socket.DealSocket [DealSocket.java : 82] - 开始发送 https
2022-08-29 19:33:50,733 DEBUG com.hundsun.util.HttpUtil [HttpUtil.java : 48] - 发送 https 请求开始：url为:https://www.comeonw.com/wang，数据内容为：{wewe:ewwe}
2022-08-29 19:33:50,733 INFO  com.hundsun.util.HttpUtil [HttpUtil.java : 59] - 请求内容为：Request{method=POST, url=https://www.comeonw.com/wang, headers=[X-DBS-ORG_ID:IECNCN, X-DBS-PROFILE:DEFAULT, X-DBS-CHANNEL_ID:]}
2022-08-29 19:33:50,780 ERROR com.hundsun.util.HttpUtil [HttpUtil.java : 80] - 与指定请求路径https://www.comeonw.com/wang进行通信失败，连接断开
2022-08-29 19:33:50,780 ERROR com.hundsun.util.HttpUtil [HttpUtil.java : 81] - java.net.SocketException: Software caused connection abort: socket write error
	at java.net.SocketOutputStream.socketWrite0(Native Method)
	at java.net.SocketOutputStream.socketWrite(SocketOutputStream.java:111)
	at java.net.SocketOutputStream.write(SocketOutputStream.java:155)
	at sun.security.ssl.OutputRecord.writeBuffer(OutputRecord.java:431)
	at sun.security.ssl.OutputRecord.write(OutputRecord.java:417)
	at sun.security.ssl.SSLSocketImpl.writeRecordInternal(SSLSocketImpl.java:876)
	at sun.security.ssl.SSLSocketImpl.writeRecord(SSLSocketImpl.java:847)
	at sun.security.ssl.SSLSocketImpl.writeRecord(SSLSocketImpl.java:717)
	at sun.security.ssl.Handshaker.sendChangeCipherSpec(Handshaker.java:1124)
	at sun.security.ssl.ClientHandshaker.sendChangeCipherAndFinish(ClientHandshaker.java:1216)
	at sun.security.ssl.ClientHandshaker.serverHelloDone(ClientHandshaker.java:1128)
	at sun.security.ssl.ClientHandshaker.processMessage(ClientHandshaker.java:348)
	at sun.security.ssl.Handshaker.processLoop(Handshaker.java:1026)
	at sun.security.ssl.Handshaker.process_record(Handshaker.java:961)
	at sun.security.ssl.SSLSocketImpl.readRecord(SSLSocketImpl.java:1062)
	at sun.security.ssl.SSLSocketImpl.performInitialHandshake(SSLSocketImpl.java:1375)
	at sun.security.ssl.SSLSocketImpl.startHandshake(SSLSocketImpl.java:1403)
	at sun.security.ssl.SSLSocketImpl.startHandshake(SSLSocketImpl.java:1387)
	at okhttp3.internal.connection.RealConnection.connectTls(RealConnection.kt:379)
	at okhttp3.internal.connection.RealConnection.establishProtocol(RealConnection.kt:337)
	at okhttp3.internal.connection.RealConnection.connect(RealConnection.kt:209)
	at okhttp3.internal.connection.ExchangeFinder.findConnection(ExchangeFinder.kt:226)
	at okhttp3.internal.connection.ExchangeFinder.findHealthyConnection(ExchangeFinder.kt:106)
	at okhttp3.internal.connection.ExchangeFinder.find(ExchangeFinder.kt:74)
	at okhttp3.internal.connection.RealCall.initExchange$okhttp(RealCall.kt:255)
	at okhttp3.internal.connection.ConnectInterceptor.intercept(ConnectInterceptor.kt:32)
	at okhttp3.internal.http.RealInterceptorChain.proceed(RealInterceptorChain.kt:109)
	at okhttp3.internal.cache.CacheInterceptor.intercept(CacheInterceptor.kt:95)
	at okhttp3.internal.http.RealInterceptorChain.proceed(RealInterceptorChain.kt:109)
	at okhttp3.internal.http.BridgeInterceptor.intercept(BridgeInterceptor.kt:83)
	at okhttp3.internal.http.RealInterceptorChain.proceed(RealInterceptorChain.kt:109)
	at okhttp3.internal.http.RetryAndFollowUpInterceptor.intercept(RetryAndFollowUpInterceptor.kt:76)
	at okhttp3.internal.http.RealInterceptorChain.proceed(RealInterceptorChain.kt:109)
	at okhttp3.internal.connection.RealCall.getResponseWithInterceptorChain$okhttp(RealCall.kt:201)
	at okhttp3.internal.connection.RealCall.execute(RealCall.kt:154)
	at com.hundsun.util.HttpUtil.httpsPost(HttpUtil.java:61)
	at com.hundsun.socket.DealSocket.sendHttpsAndGetRes(DealSocket.java:199)
	at com.hundsun.socket.DealSocket.run(DealSocket.java:83)

2022-08-29 19:33:50,780 ERROR com.hundsun.socket.DealSocket [DealSocket.java : 203] - 发送 HTTPS 失败，错误信息:{与指定请求路径进行通信失败，socket 连接断开；可能错误原因：可能错误原因：客户端数字证书在服务端校验失败、网络问题等（详细可见桥接器日志）}
2022-08-29 19:33:50,780 INFO  com.hundsun.socket.DealSocket [DealSocket.java : 86] - 将数据:{与指定请求路径进行通信失败，socket 连接断开；可能错误原因：可能错误原因：客户端数字证书在服务端校验失败、网络问题等（详细可见桥接器日志）}返回给 socket 客户端
2022-08-29 19:33:50,780 DEBUG com.hundsun.socket.DealSocket [DealSocket.java : 76] - 阻塞 socket 准备读取数据...
2022-08-29 19:34:15,717 DEBUG com.hundsun.socket.MainSocket [MainSocket.java : 47] - 建立socket连接-----------/127.0.0.1:51430
2022-08-29 19:34:15,717 INFO  com.hundsun.socket.DealSocket [DealSocket.java : 73] - 当前线程名称为：Thread-13,socke 为Socket[addr=/127.0.0.1,port=51430,localport=8080]
2022-08-29 19:34:15,717 DEBUG com.hundsun.socket.DealSocket [DealSocket.java : 76] - 阻塞 socket 准备读取数据...
2022-08-29 19:34:15,717 DEBUG com.hundsun.socket.DealSocket [DealSocket.java : 78] - 收到消息，开始读数据
2022-08-29 19:34:15,717 DEBUG com.hundsun.socket.DealSocket [DealSocket.java : 81] - 读入 socket 发送过来的数据成功，url对应的key为：requestUrl1，数据内容为：{wewe:ewwe}
2022-08-29 19:34:15,717 DEBUG com.hundsun.socket.DealSocket [DealSocket.java : 82] - 开始发送 https
2022-08-29 19:34:15,717 DEBUG com.hundsun.util.HttpUtil [HttpUtil.java : 48] - 发送 https 请求开始：url为:https://www.comeonw.com/wang，数据内容为：{wewe:ewwe}
2022-08-29 19:34:15,717 INFO  com.hundsun.util.HttpUtil [HttpUtil.java : 59] - 请求内容为：Request{method=POST, url=https://www.comeonw.com/wang, headers=[X-DBS-ORG_ID:IECNCN, X-DBS-PROFILE:DEFAULT, X-DBS-CHANNEL_ID:]}
2022-08-29 19:34:15,811 DEBUG com.hundsun.util.HttpUtil [HttpUtil.java : 67] - 发送 https 结束：返回数据内容：{"hhh":3232}
2022-08-29 19:34:15,811 INFO  com.hundsun.socket.DealSocket [DealSocket.java : 86] - 将数据:{"hhh":3232}返回给 socket 客户端
2022-08-29 19:34:15,811 DEBUG com.hundsun.socket.DealSocket [DealSocket.java : 76] - 阻塞 socket 准备读取数据...
2022-08-29 22:15:36,659 DEBUG com.hundsun.BridgeBootStrap [BridgeBootStrap.java : 25] - 开始启动 Java 桥接器
2022-08-29 22:15:36,667 DEBUG com.hundsun.util.ConfigUtil [ConfigUtil.java : 65] - 开始加载配置文件...
2022-08-29 22:15:36,735 DEBUG com.hundsun.util.ConfigUtil [ConfigUtil.java : 133] - 开始校验配置文件...
2022-08-29 22:19:15,490 DEBUG com.hundsun.socket.MainSocket [MainSocket.java : 47] - 建立socket连接-----------/127.0.0.1:63445
2022-08-29 22:19:15,498 INFO  com.hundsun.socket.DealSocket [DealSocket.java : 73] - 当前线程名称为：Thread-1,socke 为Socket[addr=/127.0.0.1,port=63445,localport=8080]
2022-08-29 22:19:15,498 DEBUG com.hundsun.socket.DealSocket [DealSocket.java : 76] - 阻塞 socket 准备读取数据...
2022-08-29 22:19:15,498 DEBUG com.hundsun.socket.DealSocket [DealSocket.java : 78] - 收到消息，开始读数据
2022-08-29 22:19:15,498 DEBUG com.hundsun.socket.DealSocket [DealSocket.java : 80] - 读入 socket 发送过来的数据成功，数据内容为：{"test":wang}
2022-08-29 22:19:15,498 DEBUG com.hundsun.socket.DealSocket [DealSocket.java : 81] - 开始发送 https
2022-08-29 22:19:15,506 DEBUG com.hundsun.util.HttpUtil [HttpUtil.java : 48] - 发送 https 请求开始：url为:https://www.comeonw.com/wang，数据内容为：{"test":wang}
2022-08-29 22:19:15,615 INFO  com.hundsun.util.HttpUtil [HttpUtil.java : 59] - 请求头部内容为：Request{method=POST, url=https://www.comeonw.com/wang, headers=[X-DBS-ORG_ID:IECNCN, X-DBS-PROFILE:DEFAULT, X-DBS-CHANNEL_ID:]}
2022-08-29 22:19:15,615 DEBUG com.hundsun.util.HttpUtil [HttpUtil.java : 187] - 开始初始化 https 发送对象
2022-08-29 22:19:15,675 DEBUG com.hundsun.util.SSLSocketUtils [SSLSocketUtils.java : 58] - 开始初始化 SSL Socket Factory...
2022-08-29 22:19:15,969 DEBUG com.hundsun.util.SSLSocketUtils [SSLSocketUtils.java : 93] - 开始加载客户端数字证书 —— 用于发送给银行进行双向认证...
2022-08-29 22:19:16,029 DEBUG com.hundsun.dto.MyTrustManager [MyTrustManager.java : 57] - 开始加载服务端 CA 证书 —— 用于校验服务端数字证书...
2022-08-29 22:19:16,251 DEBUG com.hundsun.util.SSLSocketUtils [SSLSocketUtils.java : 68] - 成功初始化 SSL Socket Factory
2022-08-29 22:19:16,267 DEBUG com.hundsun.util.HttpUtil [HttpUtil.java : 212] - 成功初始化 https 发送对象
2022-08-29 22:20:16,437 ERROR com.hundsun.util.HttpUtil [HttpUtil.java : 72] - 与银行连接超时
2022-08-29 22:20:16,437 ERROR com.hundsun.util.HttpUtil [HttpUtil.java : 73] - java.net.SocketTimeoutException: Read timed out
	at java.net.SocketInputStream.socketRead0(Native Method)
	at java.net.SocketInputStream.socketRead(SocketInputStream.java:116)
	at java.net.SocketInputStream.read(SocketInputStream.java:171)
	at java.net.SocketInputStream.read(SocketInputStream.java:141)
	at sun.security.ssl.InputRecord.readFully(InputRecord.java:465)
	at sun.security.ssl.InputRecord.read(InputRecord.java:503)
	at sun.security.ssl.SSLSocketImpl.readRecord(SSLSocketImpl.java:973)
	at sun.security.ssl.SSLSocketImpl.performInitialHandshake(SSLSocketImpl.java:1375)
	at sun.security.ssl.SSLSocketImpl.startHandshake(SSLSocketImpl.java:1403)
	at sun.security.ssl.SSLSocketImpl.startHandshake(SSLSocketImpl.java:1387)
	at okhttp3.internal.connection.RealConnection.connectTls(RealConnection.kt:379)
	at okhttp3.internal.connection.RealConnection.establishProtocol(RealConnection.kt:337)
	at okhttp3.internal.connection.RealConnection.connect(RealConnection.kt:209)
	at okhttp3.internal.connection.ExchangeFinder.findConnection(ExchangeFinder.kt:226)
	at okhttp3.internal.connection.ExchangeFinder.findHealthyConnection(ExchangeFinder.kt:106)
	at okhttp3.internal.connection.ExchangeFinder.find(ExchangeFinder.kt:74)
	at okhttp3.internal.connection.RealCall.initExchange$okhttp(RealCall.kt:255)
	at okhttp3.internal.connection.ConnectInterceptor.intercept(ConnectInterceptor.kt:32)
	at okhttp3.internal.http.RealInterceptorChain.proceed(RealInterceptorChain.kt:109)
	at okhttp3.internal.cache.CacheInterceptor.intercept(CacheInterceptor.kt:95)
	at okhttp3.internal.http.RealInterceptorChain.proceed(RealInterceptorChain.kt:109)
	at okhttp3.internal.http.BridgeInterceptor.intercept(BridgeInterceptor.kt:83)
	at okhttp3.internal.http.RealInterceptorChain.proceed(RealInterceptorChain.kt:109)
	at okhttp3.internal.http.RetryAndFollowUpInterceptor.intercept(RetryAndFollowUpInterceptor.kt:76)
	at okhttp3.internal.http.RealInterceptorChain.proceed(RealInterceptorChain.kt:109)
	at okhttp3.internal.connection.RealCall.getResponseWithInterceptorChain$okhttp(RealCall.kt:201)
	at okhttp3.internal.connection.RealCall.execute(RealCall.kt:154)
	at com.hundsun.util.HttpUtil.httpsPost(HttpUtil.java:61)
	at com.hundsun.socket.DealSocket.sendHttpsAndGetRes(DealSocket.java:167)
	at com.hundsun.socket.DealSocket.run(DealSocket.java:82)

2022-08-29 22:20:16,441 ERROR com.hundsun.socket.DealSocket [DealSocket.java : 171] - 发送 HTTPS 失败，错误信息:{与银行端连接超时！}
2022-08-29 22:20:16,441 INFO  com.hundsun.socket.DealSocket [DealSocket.java : 83] - 将数据:{与银行端连接超时！}返回给 socket 客户端
2022-08-29 22:20:16,441 DEBUG com.hundsun.socket.DealSocket [DealSocket.java : 76] - 阻塞 socket 准备读取数据...
2022-08-29 22:21:11,505 DEBUG com.hundsun.socket.MainSocket [MainSocket.java : 47] - 建立socket连接-----------/127.0.0.1:63471
2022-08-29 22:21:11,509 INFO  com.hundsun.socket.DealSocket [DealSocket.java : 73] - 当前线程名称为：Thread-3,socke 为Socket[addr=/127.0.0.1,port=63471,localport=8080]
2022-08-29 22:21:11,509 DEBUG com.hundsun.socket.DealSocket [DealSocket.java : 76] - 阻塞 socket 准备读取数据...
2022-08-29 22:21:11,533 DEBUG com.hundsun.socket.DealSocket [DealSocket.java : 78] - 收到消息，开始读数据
2022-08-29 22:21:11,533 DEBUG com.hundsun.socket.DealSocket [DealSocket.java : 80] - 读入 socket 发送过来的数据成功，数据内容为：{"test":wang}
2022-08-29 22:21:11,533 DEBUG com.hundsun.socket.DealSocket [DealSocket.java : 81] - 开始发送 https
2022-08-29 22:21:11,533 DEBUG com.hundsun.util.HttpUtil [HttpUtil.java : 48] - 发送 https 请求开始：url为:https://www.comeonw.com/wang，数据内容为：{"test":wang}
2022-08-29 22:21:11,533 INFO  com.hundsun.util.HttpUtil [HttpUtil.java : 59] - 请求头部内容为：Request{method=POST, url=https://www.comeonw.com/wang, headers=[X-DBS-ORG_ID:IECNCN, X-DBS-PROFILE:DEFAULT, X-DBS-CHANNEL_ID:]}
2022-08-29 22:21:14,715 DEBUG com.hundsun.util.HttpUtil [HttpUtil.java : 67] - 发送 https 结束：返回数据内容：{"hhh":3232}
2022-08-29 22:21:14,715 INFO  com.hundsun.socket.DealSocket [DealSocket.java : 83] - 将数据:{"hhh":3232}返回给 socket 客户端
2022-08-29 22:21:14,715 DEBUG com.hundsun.socket.DealSocket [DealSocket.java : 76] - 阻塞 socket 准备读取数据...
2022-08-29 22:21:39,471 DEBUG com.hundsun.socket.MainSocket [MainSocket.java : 47] - 建立socket连接-----------/127.0.0.1:63487
2022-08-29 22:21:39,471 INFO  com.hundsun.socket.DealSocket [DealSocket.java : 73] - 当前线程名称为：Thread-4,socke 为Socket[addr=/127.0.0.1,port=63487,localport=8080]
2022-08-29 22:21:39,471 DEBUG com.hundsun.socket.DealSocket [DealSocket.java : 76] - 阻塞 socket 准备读取数据...
2022-08-29 22:21:39,487 DEBUG com.hundsun.socket.DealSocket [DealSocket.java : 78] - 收到消息，开始读数据
2022-08-29 22:21:39,487 DEBUG com.hundsun.socket.DealSocket [DealSocket.java : 80] - 读入 socket 发送过来的数据成功，数据内容为：{"test":wang}
2022-08-29 22:21:39,487 DEBUG com.hundsun.socket.DealSocket [DealSocket.java : 81] - 开始发送 https
2022-08-29 22:21:39,487 DEBUG com.hundsun.util.HttpUtil [HttpUtil.java : 48] - 发送 https 请求开始：url为:https://www.comeonw.com/wang，数据内容为：{"test":wang}
2022-08-29 22:21:39,487 INFO  com.hundsun.util.HttpUtil [HttpUtil.java : 59] - 请求头部内容为：Request{method=POST, url=https://www.comeonw.com/wang, headers=[X-DBS-ORG_ID:IECNCN, X-DBS-PROFILE:DEFAULT, X-DBS-CHANNEL_ID:]}
2022-08-29 22:21:39,494 DEBUG com.hundsun.util.HttpUtil [HttpUtil.java : 67] - 发送 https 结束：返回数据内容：{"hhh":3232}
2022-08-29 22:21:39,494 INFO  com.hundsun.socket.DealSocket [DealSocket.java : 83] - 将数据:{"hhh":3232}返回给 socket 客户端
2022-08-29 22:21:39,494 DEBUG com.hundsun.socket.DealSocket [DealSocket.java : 76] - 阻塞 socket 准备读取数据...
2022-08-29 22:22:50,765 DEBUG com.hundsun.socket.MainSocket [MainSocket.java : 47] - 建立socket连接-----------/127.0.0.1:63517
2022-08-29 22:22:50,765 INFO  com.hundsun.socket.DealSocket [DealSocket.java : 73] - 当前线程名称为：Thread-5,socke 为Socket[addr=/127.0.0.1,port=63517,localport=8080]
2022-08-29 22:22:50,765 DEBUG com.hundsun.socket.DealSocket [DealSocket.java : 76] - 阻塞 socket 准备读取数据...
2022-08-29 22:22:50,785 DEBUG com.hundsun.socket.DealSocket [DealSocket.java : 78] - 收到消息，开始读数据
2022-08-29 22:22:50,785 DEBUG com.hundsun.socket.DealSocket [DealSocket.java : 80] - 读入 socket 发送过来的数据成功，数据内容为：{"test":wang}
2022-08-29 22:22:50,785 DEBUG com.hundsun.socket.DealSocket [DealSocket.java : 81] - 开始发送 https
2022-08-29 22:22:50,785 DEBUG com.hundsun.util.HttpUtil [HttpUtil.java : 48] - 发送 https 请求开始：url为:https://www.comeonw.com/wang，数据内容为：{"test":wang}
2022-08-29 22:22:50,785 INFO  com.hundsun.util.HttpUtil [HttpUtil.java : 59] - 请求头部内容为：Request{method=POST, url=https://www.comeonw.com/wang, headers=[X-DBS-ORG_ID:IECNCN, X-DBS-PROFILE:DEFAULT, X-DBS-CHANNEL_ID:]}
2022-08-29 22:22:50,793 DEBUG com.hundsun.util.HttpUtil [HttpUtil.java : 67] - 发送 https 结束：返回数据内容：{"hhh":3232}
2022-08-29 22:22:50,793 INFO  com.hundsun.socket.DealSocket [DealSocket.java : 83] - 将数据:{"hhh":3232}返回给 socket 客户端
2022-08-29 22:22:50,793 DEBUG com.hundsun.socket.DealSocket [DealSocket.java : 76] - 阻塞 socket 准备读取数据...
2022-08-29 22:24:10,313 DEBUG com.hundsun.socket.MainSocket [MainSocket.java : 47] - 建立socket连接-----------/127.0.0.1:63536
2022-08-29 22:24:10,313 INFO  com.hundsun.socket.DealSocket [DealSocket.java : 73] - 当前线程名称为：Thread-6,socke 为Socket[addr=/127.0.0.1,port=63536,localport=8080]
2022-08-29 22:24:10,313 DEBUG com.hundsun.socket.DealSocket [DealSocket.java : 76] - 阻塞 socket 准备读取数据...
2022-08-29 22:24:10,336 DEBUG com.hundsun.socket.DealSocket [DealSocket.java : 78] - 收到消息，开始读数据
2022-08-29 22:24:10,336 DEBUG com.hundsun.socket.DealSocket [DealSocket.java : 80] - 读入 socket 发送过来的数据成功，数据内容为：{"test":wang}
2022-08-29 22:24:10,336 DEBUG com.hundsun.socket.DealSocket [DealSocket.java : 81] - 开始发送 https
2022-08-29 22:24:10,336 DEBUG com.hundsun.util.HttpUtil [HttpUtil.java : 48] - 发送 https 请求开始：url为:https://www.comeonw.com/wang，数据内容为：{"test":wang}
2022-08-29 22:24:10,336 INFO  com.hundsun.util.HttpUtil [HttpUtil.java : 59] - 请求头部内容为：Request{method=POST, url=https://www.comeonw.com/wang, headers=[X-DBS-ORG_ID:IECNCN, X-DBS-PROFILE:DEFAULT, X-DBS-CHANNEL_ID:]}
2022-08-29 22:24:10,340 DEBUG com.hundsun.util.HttpUtil [HttpUtil.java : 67] - 发送 https 结束：返回数据内容：{"hhh":3232}
2022-08-29 22:24:10,340 INFO  com.hundsun.socket.DealSocket [DealSocket.java : 83] - 将数据:{"hhh":3232}返回给 socket 客户端
2022-08-29 22:24:10,340 DEBUG com.hundsun.socket.DealSocket [DealSocket.java : 76] - 阻塞 socket 准备读取数据...
2022-08-29 22:24:10,348 DEBUG com.hundsun.socket.MainSocket [MainSocket.java : 47] - 建立socket连接-----------/127.0.0.1:63538
2022-08-29 22:24:10,348 INFO  com.hundsun.socket.DealSocket [DealSocket.java : 73] - 当前线程名称为：Thread-7,socke 为Socket[addr=/127.0.0.1,port=63538,localport=8080]
2022-08-29 22:24:10,348 DEBUG com.hundsun.socket.DealSocket [DealSocket.java : 76] - 阻塞 socket 准备读取数据...
2022-08-29 22:24:10,348 DEBUG com.hundsun.socket.DealSocket [DealSocket.java : 78] - 收到消息，开始读数据
2022-08-29 22:24:10,348 DEBUG com.hundsun.socket.DealSocket [DealSocket.java : 80] - 读入 socket 发送过来的数据成功，数据内容为：{"test":wang}
2022-08-29 22:24:10,348 DEBUG com.hundsun.socket.DealSocket [DealSocket.java : 81] - 开始发送 https
2022-08-29 22:24:10,348 DEBUG com.hundsun.util.HttpUtil [HttpUtil.java : 48] - 发送 https 请求开始：url为:https://www.comeonw.com/wang，数据内容为：{"test":wang}
2022-08-29 22:24:10,348 INFO  com.hundsun.util.HttpUtil [HttpUtil.java : 59] - 请求头部内容为：Request{method=POST, url=https://www.comeonw.com/wang, headers=[X-DBS-ORG_ID:IECNCN, X-DBS-PROFILE:DEFAULT, X-DBS-CHANNEL_ID:]}
2022-08-29 22:24:10,378 DEBUG com.hundsun.util.HttpUtil [HttpUtil.java : 67] - 发送 https 结束：返回数据内容：{"hhh":3232}
2022-08-29 22:24:10,378 INFO  com.hundsun.socket.DealSocket [DealSocket.java : 83] - 将数据:{"hhh":3232}返回给 socket 客户端
2022-08-29 22:24:10,379 DEBUG com.hundsun.socket.DealSocket [DealSocket.java : 76] - 阻塞 socket 准备读取数据...
2022-08-29 22:24:10,381 DEBUG com.hundsun.socket.MainSocket [MainSocket.java : 47] - 建立socket连接-----------/127.0.0.1:63540
2022-08-29 22:24:10,381 INFO  com.hundsun.socket.DealSocket [DealSocket.java : 73] - 当前线程名称为：Thread-8,socke 为Socket[addr=/127.0.0.1,port=63540,localport=8080]
2022-08-29 22:24:10,381 DEBUG com.hundsun.socket.DealSocket [DealSocket.java : 76] - 阻塞 socket 准备读取数据...
2022-08-29 22:24:10,382 DEBUG com.hundsun.socket.DealSocket [DealSocket.java : 78] - 收到消息，开始读数据
2022-08-29 22:24:10,382 DEBUG com.hundsun.socket.DealSocket [DealSocket.java : 80] - 读入 socket 发送过来的数据成功，数据内容为：{"test":wang}
2022-08-29 22:24:10,382 DEBUG com.hundsun.socket.DealSocket [DealSocket.java : 81] - 开始发送 https
2022-08-29 22:24:10,382 DEBUG com.hundsun.util.HttpUtil [HttpUtil.java : 48] - 发送 https 请求开始：url为:https://www.comeonw.com/wang，数据内容为：{"test":wang}
2022-08-29 22:24:10,382 INFO  com.hundsun.util.HttpUtil [HttpUtil.java : 59] - 请求头部内容为：Request{method=POST, url=https://www.comeonw.com/wang, headers=[X-DBS-ORG_ID:IECNCN, X-DBS-PROFILE:DEFAULT, X-DBS-CHANNEL_ID:]}
2022-08-29 22:24:10,402 DEBUG com.hundsun.util.HttpUtil [HttpUtil.java : 67] - 发送 https 结束：返回数据内容：{"hhh":3232}
2022-08-29 22:24:10,402 INFO  com.hundsun.socket.DealSocket [DealSocket.java : 83] - 将数据:{"hhh":3232}返回给 socket 客户端
2022-08-29 22:24:10,402 DEBUG com.hundsun.socket.DealSocket [DealSocket.java : 76] - 阻塞 socket 准备读取数据...
2022-08-29 22:24:10,410 DEBUG com.hundsun.socket.MainSocket [MainSocket.java : 47] - 建立socket连接-----------/127.0.0.1:63542
2022-08-29 22:24:10,410 INFO  com.hundsun.socket.DealSocket [DealSocket.java : 73] - 当前线程名称为：Thread-9,socke 为Socket[addr=/127.0.0.1,port=63542,localport=8080]
2022-08-29 22:24:10,410 DEBUG com.hundsun.socket.DealSocket [DealSocket.java : 76] - 阻塞 socket 准备读取数据...
2022-08-29 22:24:10,410 DEBUG com.hundsun.socket.DealSocket [DealSocket.java : 78] - 收到消息，开始读数据
2022-08-29 22:24:10,410 DEBUG com.hundsun.socket.DealSocket [DealSocket.java : 80] - 读入 socket 发送过来的数据成功，数据内容为：{"test":wang}
2022-08-29 22:24:10,410 DEBUG com.hundsun.socket.DealSocket [DealSocket.java : 81] - 开始发送 https
2022-08-29 22:24:10,410 DEBUG com.hundsun.util.HttpUtil [HttpUtil.java : 48] - 发送 https 请求开始：url为:https://www.comeonw.com/wang，数据内容为：{"test":wang}
2022-08-29 22:24:10,410 INFO  com.hundsun.util.HttpUtil [HttpUtil.java : 59] - 请求头部内容为：Request{method=POST, url=https://www.comeonw.com/wang, headers=[X-DBS-ORG_ID:IECNCN, X-DBS-PROFILE:DEFAULT, X-DBS-CHANNEL_ID:]}
2022-08-29 22:24:10,425 DEBUG com.hundsun.util.HttpUtil [HttpUtil.java : 67] - 发送 https 结束：返回数据内容：{"hhh":3232}
2022-08-29 22:24:10,429 INFO  com.hundsun.socket.DealSocket [DealSocket.java : 83] - 将数据:{"hhh":3232}返回给 socket 客户端
2022-08-29 22:24:10,429 DEBUG com.hundsun.socket.DealSocket [DealSocket.java : 76] - 阻塞 socket 准备读取数据...
2022-08-29 22:24:10,441 DEBUG com.hundsun.socket.MainSocket [MainSocket.java : 47] - 建立socket连接-----------/127.0.0.1:63544
2022-08-29 22:24:10,441 INFO  com.hundsun.socket.DealSocket [DealSocket.java : 73] - 当前线程名称为：Thread-10,socke 为Socket[addr=/127.0.0.1,port=63544,localport=8080]
2022-08-29 22:24:10,441 DEBUG com.hundsun.socket.DealSocket [DealSocket.java : 76] - 阻塞 socket 准备读取数据...
2022-08-29 22:24:10,441 DEBUG com.hundsun.socket.DealSocket [DealSocket.java : 78] - 收到消息，开始读数据
2022-08-29 22:24:10,441 DEBUG com.hundsun.socket.DealSocket [DealSocket.java : 80] - 读入 socket 发送过来的数据成功，数据内容为：{"test":wang}
2022-08-29 22:24:10,441 DEBUG com.hundsun.socket.DealSocket [DealSocket.java : 81] - 开始发送 https
2022-08-29 22:24:10,441 DEBUG com.hundsun.util.HttpUtil [HttpUtil.java : 48] - 发送 https 请求开始：url为:https://www.comeonw.com/wang，数据内容为：{"test":wang}
2022-08-29 22:24:10,441 INFO  com.hundsun.util.HttpUtil [HttpUtil.java : 59] - 请求头部内容为：Request{method=POST, url=https://www.comeonw.com/wang, headers=[X-DBS-ORG_ID:IECNCN, X-DBS-PROFILE:DEFAULT, X-DBS-CHANNEL_ID:]}
2022-08-29 22:24:10,457 DEBUG com.hundsun.util.HttpUtil [HttpUtil.java : 67] - 发送 https 结束：返回数据内容：{"hhh":3232}
2022-08-29 22:24:10,457 INFO  com.hundsun.socket.DealSocket [DealSocket.java : 83] - 将数据:{"hhh":3232}返回给 socket 客户端
2022-08-29 22:24:10,457 DEBUG com.hundsun.socket.DealSocket [DealSocket.java : 76] - 阻塞 socket 准备读取数据...
2022-08-29 22:33:20,862 DEBUG com.hundsun.socket.MainSocket [MainSocket.java : 47] - 建立socket连接-----------/127.0.0.1:54044
2022-08-29 22:33:20,862 INFO  com.hundsun.socket.DealSocket [DealSocket.java : 73] - 当前线程名称为：Thread-11,socke 为Socket[addr=/127.0.0.1,port=54044,localport=8080]
2022-08-29 22:33:20,862 DEBUG com.hundsun.socket.DealSocket [DealSocket.java : 76] - 阻塞 socket 准备读取数据...
2022-08-29 22:33:20,882 DEBUG com.hundsun.socket.DealSocket [DealSocket.java : 78] - 收到消息，开始读数据
2022-08-29 22:33:20,882 DEBUG com.hundsun.socket.DealSocket [DealSocket.java : 80] - 读入 socket 发送过来的数据成功，数据内容为：{"test":wang}
2022-08-29 22:33:20,882 DEBUG com.hundsun.socket.DealSocket [DealSocket.java : 81] - 开始发送 https
2022-08-29 22:33:20,882 DEBUG com.hundsun.util.HttpUtil [HttpUtil.java : 48] - 发送 https 请求开始：url为:https://www.comeonw.com/wang，数据内容为：{"test":wang}
2022-08-29 22:33:20,882 INFO  com.hundsun.util.HttpUtil [HttpUtil.java : 59] - 请求头部内容为：Request{method=POST, url=https://www.comeonw.com/wang, headers=[X-DBS-ORG_ID:IECNCN, X-DBS-PROFILE:DEFAULT, X-DBS-CHANNEL_ID:]}
2022-08-29 22:33:20,890 DEBUG com.hundsun.util.HttpUtil [HttpUtil.java : 67] - 发送 https 结束：返回数据内容：{"hhh":3232}
2022-08-29 22:33:20,890 INFO  com.hundsun.socket.DealSocket [DealSocket.java : 83] - 将数据:{"hhh":3232}返回给 socket 客户端
2022-08-29 22:33:20,890 DEBUG com.hundsun.socket.DealSocket [DealSocket.java : 76] - 阻塞 socket 准备读取数据...
2022-08-29 22:33:20,910 DEBUG com.hundsun.socket.DealSocket [DealSocket.java : 78] - 收到消息，开始读数据
2022-08-29 22:33:20,910 DEBUG com.hundsun.socket.DealSocket [DealSocket.java : 80] - 读入 socket 发送过来的数据成功，数据内容为：{"test":wang}
2022-08-29 22:33:20,910 DEBUG com.hundsun.socket.DealSocket [DealSocket.java : 81] - 开始发送 https
2022-08-29 22:33:20,910 DEBUG com.hundsun.util.HttpUtil [HttpUtil.java : 48] - 发送 https 请求开始：url为:https://www.comeonw.com/wang，数据内容为：{"test":wang}
2022-08-29 22:33:20,910 INFO  com.hundsun.util.HttpUtil [HttpUtil.java : 59] - 请求头部内容为：Request{method=POST, url=https://www.comeonw.com/wang, headers=[X-DBS-ORG_ID:IECNCN, X-DBS-PROFILE:DEFAULT, X-DBS-CHANNEL_ID:]}
2022-08-29 22:33:20,926 DEBUG com.hundsun.util.HttpUtil [HttpUtil.java : 67] - 发送 https 结束：返回数据内容：{"hhh":3232}
2022-08-29 22:33:20,926 INFO  com.hundsun.socket.DealSocket [DealSocket.java : 83] - 将数据:{"hhh":3232}返回给 socket 客户端
2022-08-29 22:33:20,926 DEBUG com.hundsun.socket.DealSocket [DealSocket.java : 76] - 阻塞 socket 准备读取数据...
2022-08-29 22:33:20,954 DEBUG com.hundsun.socket.DealSocket [DealSocket.java : 78] - 收到消息，开始读数据
2022-08-29 22:33:20,954 DEBUG com.hundsun.socket.DealSocket [DealSocket.java : 80] - 读入 socket 发送过来的数据成功，数据内容为：{"test":wang}
2022-08-29 22:33:20,954 DEBUG com.hundsun.socket.DealSocket [DealSocket.java : 81] - 开始发送 https
2022-08-29 22:33:20,954 DEBUG com.hundsun.util.HttpUtil [HttpUtil.java : 48] - 发送 https 请求开始：url为:https://www.comeonw.com/wang，数据内容为：{"test":wang}
2022-08-29 22:33:20,954 INFO  com.hundsun.util.HttpUtil [HttpUtil.java : 59] - 请求头部内容为：Request{method=POST, url=https://www.comeonw.com/wang, headers=[X-DBS-ORG_ID:IECNCN, X-DBS-PROFILE:DEFAULT, X-DBS-CHANNEL_ID:]}
2022-08-29 22:33:20,967 DEBUG com.hundsun.util.HttpUtil [HttpUtil.java : 67] - 发送 https 结束：返回数据内容：{"hhh":3232}
2022-08-29 22:33:20,967 INFO  com.hundsun.socket.DealSocket [DealSocket.java : 83] - 将数据:{"hhh":3232}返回给 socket 客户端
2022-08-29 22:33:20,967 DEBUG com.hundsun.socket.DealSocket [DealSocket.java : 76] - 阻塞 socket 准备读取数据...
2022-08-29 22:33:20,982 DEBUG com.hundsun.socket.DealSocket [DealSocket.java : 78] - 收到消息，开始读数据
2022-08-29 22:33:20,982 DEBUG com.hundsun.socket.DealSocket [DealSocket.java : 80] - 读入 socket 发送过来的数据成功，数据内容为：{"test":wang}
2022-08-29 22:33:20,982 DEBUG com.hundsun.socket.DealSocket [DealSocket.java : 81] - 开始发送 https
2022-08-29 22:33:20,982 DEBUG com.hundsun.util.HttpUtil [HttpUtil.java : 48] - 发送 https 请求开始：url为:https://www.comeonw.com/wang，数据内容为：{"test":wang}
2022-08-29 22:33:20,982 INFO  com.hundsun.util.HttpUtil [HttpUtil.java : 59] - 请求头部内容为：Request{method=POST, url=https://www.comeonw.com/wang, headers=[X-DBS-ORG_ID:IECNCN, X-DBS-PROFILE:DEFAULT, X-DBS-CHANNEL_ID:]}
2022-08-29 22:33:20,994 DEBUG com.hundsun.util.HttpUtil [HttpUtil.java : 67] - 发送 https 结束：返回数据内容：{"hhh":3232}
2022-08-29 22:33:20,994 INFO  com.hundsun.socket.DealSocket [DealSocket.java : 83] - 将数据:{"hhh":3232}返回给 socket 客户端
2022-08-29 22:33:20,994 DEBUG com.hundsun.socket.DealSocket [DealSocket.java : 76] - 阻塞 socket 准备读取数据...
2022-08-29 22:33:21,010 DEBUG com.hundsun.socket.DealSocket [DealSocket.java : 78] - 收到消息，开始读数据
2022-08-29 22:33:21,010 DEBUG com.hundsun.socket.DealSocket [DealSocket.java : 80] - 读入 socket 发送过来的数据成功，数据内容为：{"test":wang}
2022-08-29 22:33:21,010 DEBUG com.hundsun.socket.DealSocket [DealSocket.java : 81] - 开始发送 https
2022-08-29 22:33:21,010 DEBUG com.hundsun.util.HttpUtil [HttpUtil.java : 48] - 发送 https 请求开始：url为:https://www.comeonw.com/wang，数据内容为：{"test":wang}
2022-08-29 22:33:21,010 INFO  com.hundsun.util.HttpUtil [HttpUtil.java : 59] - 请求头部内容为：Request{method=POST, url=https://www.comeonw.com/wang, headers=[X-DBS-ORG_ID:IECNCN, X-DBS-PROFILE:DEFAULT, X-DBS-CHANNEL_ID:]}
2022-08-29 22:33:21,022 DEBUG com.hundsun.util.HttpUtil [HttpUtil.java : 67] - 发送 https 结束：返回数据内容：{"hhh":3232}
2022-08-29 22:33:21,022 INFO  com.hundsun.socket.DealSocket [DealSocket.java : 83] - 将数据:{"hhh":3232}返回给 socket 客户端
2022-08-29 22:33:21,022 DEBUG com.hundsun.socket.DealSocket [DealSocket.java : 76] - 阻塞 socket 准备读取数据...
2022-08-29 22:34:10,944 DEBUG com.hundsun.socket.MainSocket [MainSocket.java : 47] - 建立socket连接-----------/127.0.0.1:54063
2022-08-29 22:34:10,944 INFO  com.hundsun.socket.DealSocket [DealSocket.java : 73] - 当前线程名称为：Thread-12,socke 为Socket[addr=/127.0.0.1,port=54063,localport=8080]
2022-08-29 22:34:10,944 DEBUG com.hundsun.socket.DealSocket [DealSocket.java : 76] - 阻塞 socket 准备读取数据...
2022-08-29 22:34:10,964 DEBUG com.hundsun.socket.DealSocket [DealSocket.java : 78] - 收到消息，开始读数据
2022-08-29 22:34:10,964 DEBUG com.hundsun.socket.DealSocket [DealSocket.java : 80] - 读入 socket 发送过来的数据成功，数据内容为：{"test":wang}
2022-08-29 22:34:10,964 DEBUG com.hundsun.socket.DealSocket [DealSocket.java : 81] - 开始发送 https
2022-08-29 22:34:10,964 DEBUG com.hundsun.util.HttpUtil [HttpUtil.java : 48] - 发送 https 请求开始：url为:https://www.comeonw.com/wang，数据内容为：{"test":wang}
2022-08-29 22:34:10,964 INFO  com.hundsun.util.HttpUtil [HttpUtil.java : 59] - 请求头部内容为：Request{method=POST, url=https://www.comeonw.com/wang, headers=[X-DBS-ORG_ID:IECNCN, X-DBS-PROFILE:DEFAULT, X-DBS-CHANNEL_ID:]}
2022-08-29 22:34:10,968 DEBUG com.hundsun.util.HttpUtil [HttpUtil.java : 67] - 发送 https 结束：返回数据内容：{"hhh":3232}
2022-08-29 22:34:10,968 INFO  com.hundsun.socket.DealSocket [DealSocket.java : 83] - 将数据:{"hhh":3232}返回给 socket 客户端
2022-08-29 22:34:10,968 DEBUG com.hundsun.socket.DealSocket [DealSocket.java : 76] - 阻塞 socket 准备读取数据...
2022-08-29 22:34:10,992 DEBUG com.hundsun.socket.DealSocket [DealSocket.java : 78] - 收到消息，开始读数据
2022-08-29 22:34:10,992 DEBUG com.hundsun.socket.DealSocket [DealSocket.java : 80] - 读入 socket 发送过来的数据成功，数据内容为：{"test":wang}
2022-08-29 22:34:10,992 DEBUG com.hundsun.socket.DealSocket [DealSocket.java : 81] - 开始发送 https
2022-08-29 22:34:10,992 DEBUG com.hundsun.util.HttpUtil [HttpUtil.java : 48] - 发送 https 请求开始：url为:https://www.comeonw.com/wang，数据内容为：{"test":wang}
2022-08-29 22:34:10,992 INFO  com.hundsun.util.HttpUtil [HttpUtil.java : 59] - 请求头部内容为：Request{method=POST, url=https://www.comeonw.com/wang, headers=[X-DBS-ORG_ID:IECNCN, X-DBS-PROFILE:DEFAULT, X-DBS-CHANNEL_ID:]}
2022-08-29 22:34:11,008 DEBUG com.hundsun.util.HttpUtil [HttpUtil.java : 67] - 发送 https 结束：返回数据内容：{"hhh":3232}
2022-08-29 22:34:11,008 INFO  com.hundsun.socket.DealSocket [DealSocket.java : 83] - 将数据:{"hhh":3232}返回给 socket 客户端
2022-08-29 22:34:11,008 DEBUG com.hundsun.socket.DealSocket [DealSocket.java : 76] - 阻塞 socket 准备读取数据...
2022-08-29 22:34:11,036 DEBUG com.hundsun.socket.DealSocket [DealSocket.java : 78] - 收到消息，开始读数据
2022-08-29 22:34:11,036 DEBUG com.hundsun.socket.DealSocket [DealSocket.java : 80] - 读入 socket 发送过来的数据成功，数据内容为：{"test":wang}
2022-08-29 22:34:11,036 DEBUG com.hundsun.socket.DealSocket [DealSocket.java : 81] - 开始发送 https
2022-08-29 22:34:11,036 DEBUG com.hundsun.util.HttpUtil [HttpUtil.java : 48] - 发送 https 请求开始：url为:https://www.comeonw.com/wang，数据内容为：{"test":wang}
2022-08-29 22:34:11,036 INFO  com.hundsun.util.HttpUtil [HttpUtil.java : 59] - 请求头部内容为：Request{method=POST, url=https://www.comeonw.com/wang, headers=[X-DBS-ORG_ID:IECNCN, X-DBS-PROFILE:DEFAULT, X-DBS-CHANNEL_ID:]}
2022-08-29 22:34:11,048 DEBUG com.hundsun.util.HttpUtil [HttpUtil.java : 67] - 发送 https 结束：返回数据内容：{"hhh":3232}
2022-08-29 22:34:11,048 INFO  com.hundsun.socket.DealSocket [DealSocket.java : 83] - 将数据:{"hhh":3232}返回给 socket 客户端
2022-08-29 22:34:11,048 DEBUG com.hundsun.socket.DealSocket [DealSocket.java : 76] - 阻塞 socket 准备读取数据...
2022-08-29 22:34:11,068 DEBUG com.hundsun.socket.DealSocket [DealSocket.java : 78] - 收到消息，开始读数据
2022-08-29 22:34:11,068 DEBUG com.hundsun.socket.DealSocket [DealSocket.java : 80] - 读入 socket 发送过来的数据成功，数据内容为：{"test":wang}
2022-08-29 22:34:11,068 DEBUG com.hundsun.socket.DealSocket [DealSocket.java : 81] - 开始发送 https
2022-08-29 22:34:11,068 DEBUG com.hundsun.util.HttpUtil [HttpUtil.java : 48] - 发送 https 请求开始：url为:https://www.comeonw.com/wang，数据内容为：{"test":wang}
2022-08-29 22:34:11,068 INFO  com.hundsun.util.HttpUtil [HttpUtil.java : 59] - 请求头部内容为：Request{method=POST, url=https://www.comeonw.com/wang, headers=[X-DBS-ORG_ID:IECNCN, X-DBS-PROFILE:DEFAULT, X-DBS-CHANNEL_ID:]}
2022-08-29 22:34:11,082 DEBUG com.hundsun.util.HttpUtil [HttpUtil.java : 67] - 发送 https 结束：返回数据内容：{"hhh":3232}
2022-08-29 22:34:11,082 INFO  com.hundsun.socket.DealSocket [DealSocket.java : 83] - 将数据:{"hhh":3232}返回给 socket 客户端
2022-08-29 22:34:11,082 DEBUG com.hundsun.socket.DealSocket [DealSocket.java : 76] - 阻塞 socket 准备读取数据...
2022-08-29 22:34:11,096 DEBUG com.hundsun.socket.DealSocket [DealSocket.java : 78] - 收到消息，开始读数据
2022-08-29 22:34:11,096 DEBUG com.hundsun.socket.DealSocket [DealSocket.java : 80] - 读入 socket 发送过来的数据成功，数据内容为：{"test":wang}
2022-08-29 22:34:11,096 DEBUG com.hundsun.socket.DealSocket [DealSocket.java : 81] - 开始发送 https
2022-08-29 22:34:11,096 DEBUG com.hundsun.util.HttpUtil [HttpUtil.java : 48] - 发送 https 请求开始：url为:https://www.comeonw.com/wang，数据内容为：{"test":wang}
2022-08-29 22:34:11,096 INFO  com.hundsun.util.HttpUtil [HttpUtil.java : 59] - 请求头部内容为：Request{method=POST, url=https://www.comeonw.com/wang, headers=[X-DBS-ORG_ID:IECNCN, X-DBS-PROFILE:DEFAULT, X-DBS-CHANNEL_ID:]}
2022-08-29 22:34:11,110 DEBUG com.hundsun.util.HttpUtil [HttpUtil.java : 67] - 发送 https 结束：返回数据内容：{"hhh":3232}
2022-08-29 22:34:11,110 INFO  com.hundsun.socket.DealSocket [DealSocket.java : 83] - 将数据:{"hhh":3232}返回给 socket 客户端
2022-08-29 22:34:11,110 DEBUG com.hundsun.socket.DealSocket [DealSocket.java : 76] - 阻塞 socket 准备读取数据...
