2022-08-22 13:36:23,735 DEBUG BridgeMain [BridgeMain.java : 30] - 开始启动 Java 桥接器
2022-08-22 13:36:23,742 DEBUG BridgeMain [BridgeMain.java : 32] - 加载并校验配置文件...
2022-08-22 13:36:54,951 DEBUG BridgeMain [BridgeMain.java : 30] - 开始启动 Java 桥接器
2022-08-22 13:36:54,954 DEBUG BridgeMain [BridgeMain.java : 32] - 加载并校验配置文件...
2022-08-22 13:40:58,292 DEBUG BridgeMain [BridgeMain.java : 30] - 开始启动 Java 桥接器
2022-08-22 13:40:58,294 DEBUG BridgeMain [BridgeMain.java : 32] - 加载并校验配置文件...
2022-08-22 13:40:58,895 ERROR com.hundsun.util.SSLSocketUtils [SSLSocketUtils.java : 85] - 获取类型为""、路径为""的证书信息失败，原因：
2022-08-22 13:40:58,907 ERROR com.hundsun.util.SSLSocketUtils [SSLSocketUtils.java : 86] - java.io.FileNotFoundException: "" (文件名、目录名或卷标语法不正确。)
	at java.io.FileInputStream.open0(Native Method)
	at java.io.FileInputStream.open(FileInputStream.java:195)
	at java.io.FileInputStream.<init>(FileInputStream.java:138)
	at java.io.FileInputStream.<init>(FileInputStream.java:93)
	at com.hundsun.util.SSLSocketUtils.getJKSOrP12KeyStore(SSLSocketUtils.java:80)
	at com.hundsun.util.SSLSocketUtils.getClientCert(SSLSocketUtils.java:111)
	at com.hundsun.util.SSLSocketUtils.getSslFactory(SSLSocketUtils.java:44)
	at com.hundsun.util.HttpUtil.httpsPost(HttpUtil.java:50)
	at com.hundsun.BridgeBootStrap.main(BridgeMain.java:36)

2022-08-22 13:41:30,466 DEBUG BridgeMain [BridgeMain.java : 30] - 开始启动 Java 桥接器
2022-08-22 13:41:30,468 DEBUG BridgeMain [BridgeMain.java : 32] - 加载并校验配置文件...
2022-08-22 13:42:39,864 DEBUG BridgeMain [BridgeMain.java : 30] - 开始启动 Java 桥接器
2022-08-22 13:42:39,867 DEBUG BridgeMain [BridgeMain.java : 32] - 加载并校验配置文件...
2022-08-22 13:42:40,466 ERROR com.hundsun.util.SSLSocketUtils [SSLSocketUtils.java : 85] - 获取类型为null、路径为null的证书信息失败，原因：
2022-08-22 13:42:40,468 ERROR com.hundsun.util.SSLSocketUtils [SSLSocketUtils.java : 86] - java.io.FileNotFoundException: null (系统找不到指定的文件。)
	at java.io.FileInputStream.open0(Native Method)
	at java.io.FileInputStream.open(FileInputStream.java:195)
	at java.io.FileInputStream.<init>(FileInputStream.java:138)
	at java.io.FileInputStream.<init>(FileInputStream.java:93)
	at com.hundsun.util.SSLSocketUtils.getJKSOrP12KeyStore(SSLSocketUtils.java:80)
	at com.hundsun.util.SSLSocketUtils.getClientCert(SSLSocketUtils.java:111)
	at com.hundsun.util.SSLSocketUtils.getSslFactory(SSLSocketUtils.java:44)
	at com.hundsun.util.HttpUtil.httpsPost(HttpUtil.java:50)
	at com.hundsun.BridgeBootStrap.main(BridgeMain.java:36)

2022-08-22 13:42:59,008 DEBUG BridgeMain [BridgeMain.java : 30] - 开始启动 Java 桥接器
2022-08-22 13:42:59,010 DEBUG BridgeMain [BridgeMain.java : 32] - 加载并校验配置文件...
2022-08-22 13:42:59,722 ERROR com.hundsun.util.SSLSocketUtils [SSLSocketUtils.java : 85] - 获取类型为null、路径为null的证书信息失败，原因：
2022-08-22 13:42:59,724 ERROR com.hundsun.util.SSLSocketUtils [SSLSocketUtils.java : 86] - java.io.FileNotFoundException: null (系统找不到指定的文件。)
	at java.io.FileInputStream.open0(Native Method)
	at java.io.FileInputStream.open(FileInputStream.java:195)
	at java.io.FileInputStream.<init>(FileInputStream.java:138)
	at java.io.FileInputStream.<init>(FileInputStream.java:93)
	at com.hundsun.util.SSLSocketUtils.getJKSOrP12KeyStore(SSLSocketUtils.java:80)
	at com.hundsun.util.SSLSocketUtils.getClientCert(SSLSocketUtils.java:111)
	at com.hundsun.util.SSLSocketUtils.getSslFactory(SSLSocketUtils.java:44)
	at com.hundsun.util.HttpUtil.httpsPost(HttpUtil.java:50)
	at com.hundsun.BridgeBootStrap.main(BridgeMain.java:36)

2022-08-22 13:43:17,006 DEBUG BridgeMain [BridgeMain.java : 30] - 开始启动 Java 桥接器
2022-08-22 13:43:17,008 DEBUG BridgeMain [BridgeMain.java : 32] - 加载并校验配置文件...
2022-08-22 13:43:26,256 ERROR com.hundsun.util.SSLSocketUtils [SSLSocketUtils.java : 85] - 获取类型为null、路径为null的证书信息失败，原因：
2022-08-22 13:43:26,260 ERROR com.hundsun.util.SSLSocketUtils [SSLSocketUtils.java : 86] - java.io.FileNotFoundException: null (系统找不到指定的文件。)
	at java.io.FileInputStream.open0(Native Method)
	at java.io.FileInputStream.open(FileInputStream.java:195)
	at java.io.FileInputStream.<init>(FileInputStream.java:138)
	at java.io.FileInputStream.<init>(FileInputStream.java:93)
	at com.hundsun.util.SSLSocketUtils.getJKSOrP12KeyStore(SSLSocketUtils.java:80)
	at com.hundsun.util.SSLSocketUtils.getClientCert(SSLSocketUtils.java:111)
	at com.hundsun.util.SSLSocketUtils.getSslFactory(SSLSocketUtils.java:44)
	at com.hundsun.util.HttpUtil.httpsPost(HttpUtil.java:50)
	at com.hundsun.BridgeBootStrap.main(BridgeMain.java:36)

2022-08-22 13:43:58,473 DEBUG BridgeMain [BridgeMain.java : 30] - 开始启动 Java 桥接器
2022-08-22 13:43:58,475 DEBUG BridgeMain [BridgeMain.java : 32] - 加载并校验配置文件...
2022-08-22 13:43:59,120 ERROR com.hundsun.util.SSLSocketUtils [SSLSocketUtils.java : 85] - 获取类型为JKS、路径为E:\project\gxpBridge\ca.jks的证书信息失败，原因：
2022-08-22 13:43:59,123 ERROR com.hundsun.util.SSLSocketUtils [SSLSocketUtils.java : 86] - java.io.IOException: Keystore was tampered with, or password was incorrect
	at sun.security.provider.JavaKeyStore.engineLoad(JavaKeyStore.java:780)
	at sun.security.provider.JavaKeyStore$JKS.engineLoad(JavaKeyStore.java:56)
	at sun.security.provider.KeyStoreDelegator.engineLoad(KeyStoreDelegator.java:224)
	at sun.security.provider.JavaKeyStore$DualFormatJKS.engineLoad(JavaKeyStore.java:70)
	at java.security.KeyStore.load(KeyStore.java:1445)
	at com.hundsun.util.SSLSocketUtils.getJKSOrP12KeyStore(SSLSocketUtils.java:83)
	at com.hundsun.dto.MyTrustManager.<init>(MyTrustManager.java:40)
	at com.hundsun.util.SSLSocketUtils.getSslFactory(SSLSocketUtils.java:46)
	at com.hundsun.util.HttpUtil.httpsPost(HttpUtil.java:50)
	at com.hundsun.BridgeBootStrap.main(BridgeMain.java:36)
Caused by: java.security.UnrecoverableKeyException: Password verification failed
	at sun.security.provider.JavaKeyStore.engineLoad(JavaKeyStore.java:778)
	... 9 more

2022-08-22 13:44:58,148 DEBUG BridgeMain [BridgeMain.java : 30] - 开始启动 Java 桥接器
2022-08-22 13:44:58,150 DEBUG BridgeMain [BridgeMain.java : 32] - 加载并校验配置文件...
2022-08-22 13:45:58,098 DEBUG BridgeMain [BridgeMain.java : 30] - 开始启动 Java 桥接器
2022-08-22 13:45:58,098 DEBUG BridgeMain [BridgeMain.java : 32] - 加载并校验配置文件...
2022-08-22 13:47:07,993 DEBUG BridgeMain [BridgeMain.java : 30] - 开始启动 Java 桥接器
2022-08-22 13:47:07,993 DEBUG BridgeMain [BridgeMain.java : 32] - 加载并校验配置文件...
2022-08-22 13:48:07,959 DEBUG BridgeMain [BridgeMain.java : 30] - 开始启动 Java 桥接器
2022-08-22 13:48:07,959 DEBUG BridgeMain [BridgeMain.java : 32] - 加载并校验配置文件...
2022-08-22 13:48:37,642 DEBUG BridgeMain [BridgeMain.java : 30] - 开始启动 Java 桥接器
2022-08-22 13:48:37,642 DEBUG BridgeMain [BridgeMain.java : 32] - 加载并校验配置文件...
2022-08-22 13:51:16,145 DEBUG BridgeMain [BridgeMain.java : 30] - 开始启动 Java 桥接器
2022-08-22 13:51:16,147 DEBUG BridgeMain [BridgeMain.java : 32] - 加载并校验配置文件...
2022-08-22 13:52:28,549 DEBUG BridgeMain [BridgeMain.java : 30] - 开始启动 Java 桥接器
2022-08-22 13:52:28,552 DEBUG BridgeMain [BridgeMain.java : 32] - 加载并校验配置文件...
2022-08-22 13:52:57,578 DEBUG BridgeMain [BridgeMain.java : 30] - 开始启动 Java 桥接器
2022-08-22 13:52:57,581 DEBUG BridgeMain [BridgeMain.java : 32] - 加载并校验配置文件...
2022-08-22 13:57:17,675 DEBUG BridgeMain [BridgeMain.java : 30] - 开始启动 Java 桥接器
2022-08-22 13:57:17,676 DEBUG BridgeMain [BridgeMain.java : 32] - 加载并校验配置文件...
2022-08-22 13:57:18,286 ERROR com.hundsun.util.SSLSocketUtils [SSLSocketUtils.java : 85] - 获取类型为JKS、路径为E:\project\gxpBridge\testca.jks的证书信息失败，原因：
2022-08-22 13:57:18,289 ERROR com.hundsun.util.SSLSocketUtils [SSLSocketUtils.java : 86] - java.io.FileNotFoundException: E:\project\gxpBridge\testca.jks (系统找不到指定的文件。)
	at java.io.FileInputStream.open0(Native Method)
	at java.io.FileInputStream.open(FileInputStream.java:195)
	at java.io.FileInputStream.<init>(FileInputStream.java:138)
	at java.io.FileInputStream.<init>(FileInputStream.java:93)
	at com.hundsun.util.SSLSocketUtils.getJKSOrP12KeyStore(SSLSocketUtils.java:80)
	at com.hundsun.dto.MyTrustManager.<init>(MyTrustManager.java:40)
	at com.hundsun.util.SSLSocketUtils.getSslFactory(SSLSocketUtils.java:46)
	at com.hundsun.util.HttpUtil.httpsPost(HttpUtil.java:50)
	at com.hundsun.BridgeBootStrap.main(BridgeMain.java:36)

2022-08-22 13:57:44,372 DEBUG BridgeMain [BridgeMain.java : 30] - 开始启动 Java 桥接器
2022-08-22 13:57:44,374 DEBUG BridgeMain [BridgeMain.java : 32] - 加载并校验配置文件...
2022-08-22 13:57:45,010 ERROR com.hundsun.util.SSLSocketUtils [SSLSocketUtils.java : 85] - 获取类型为JKS、路径为E:\project\gxpBridge\test\ca.jks的证书信息失败，原因：
2022-08-22 13:57:45,013 ERROR com.hundsun.util.SSLSocketUtils [SSLSocketUtils.java : 86] - java.io.FileNotFoundException: E:\project\gxpBridge\test\ca.jks (系统找不到指定的文件。)
	at java.io.FileInputStream.open0(Native Method)
	at java.io.FileInputStream.open(FileInputStream.java:195)
	at java.io.FileInputStream.<init>(FileInputStream.java:138)
	at java.io.FileInputStream.<init>(FileInputStream.java:93)
	at com.hundsun.util.SSLSocketUtils.getJKSOrP12KeyStore(SSLSocketUtils.java:80)
	at com.hundsun.dto.MyTrustManager.<init>(MyTrustManager.java:40)
	at com.hundsun.util.SSLSocketUtils.getSslFactory(SSLSocketUtils.java:46)
	at com.hundsun.util.HttpUtil.httpsPost(HttpUtil.java:50)
	at com.hundsun.BridgeBootStrap.main(BridgeMain.java:36)

2022-08-22 13:58:02,226 DEBUG BridgeMain [BridgeMain.java : 30] - 开始启动 Java 桥接器
2022-08-22 13:58:02,227 DEBUG BridgeMain [BridgeMain.java : 32] - 加载并校验配置文件...
2022-08-22 13:58:37,914 DEBUG BridgeMain [BridgeMain.java : 30] - 开始启动 Java 桥接器
2022-08-22 13:58:37,916 DEBUG BridgeMain [BridgeMain.java : 32] - 加载并校验配置文件...
2022-08-22 13:59:16,492 DEBUG BridgeMain [BridgeMain.java : 30] - 开始启动 Java 桥接器
2022-08-22 13:59:16,494 DEBUG BridgeMain [BridgeMain.java : 32] - 加载并校验配置文件...
2022-08-22 13:59:53,546 DEBUG BridgeMain [BridgeMain.java : 30] - 开始启动 Java 桥接器
2022-08-22 13:59:53,548 DEBUG BridgeMain [BridgeMain.java : 32] - 加载并校验配置文件...
2022-08-22 13:59:54,193 ERROR com.hundsun.dto.MyTrustManager [MyTrustManager.java : 75] - fuck you
2022-08-22 14:46:09,960 DEBUG BridgeMain [BridgeMain.java : 30] - 开始启动 Java 桥接器
2022-08-22 14:46:09,962 DEBUG BridgeMain [BridgeMain.java : 32] - 加载并校验配置文件...
2022-08-22 14:46:10,574 ERROR com.hundsun.util.SSLSocketUtils [SSLSocketUtils.java : 85] - 获取类型为JKS、路径为E:\project\xpBridge\client.jks的证书信息失败，原因：
2022-08-22 14:46:10,576 ERROR com.hundsun.util.SSLSocketUtils [SSLSocketUtils.java : 86] - java.io.FileNotFoundException: E:\project\xpBridge\client.jks (系统找不到指定的路径。)
	at java.io.FileInputStream.open0(Native Method)
	at java.io.FileInputStream.open(FileInputStream.java:195)
	at java.io.FileInputStream.<init>(FileInputStream.java:138)
	at java.io.FileInputStream.<init>(FileInputStream.java:93)
	at com.hundsun.util.SSLSocketUtils.getJKSOrP12KeyStore(SSLSocketUtils.java:80)
	at com.hundsun.util.SSLSocketUtils.getClientCert(SSLSocketUtils.java:111)
	at com.hundsun.util.SSLSocketUtils.getSslFactory(SSLSocketUtils.java:44)
	at com.hundsun.util.HttpUtil.httpsPost(HttpUtil.java:50)
	at com.hundsun.BridgeBootStrap.main(BridgeMain.java:36)

2022-08-22 14:46:25,828 DEBUG BridgeMain [BridgeMain.java : 30] - 开始启动 Java 桥接器
2022-08-22 14:46:25,830 DEBUG BridgeMain [BridgeMain.java : 32] - 加载并校验配置文件...
2022-08-22 14:46:58,033 DEBUG BridgeMain [BridgeMain.java : 30] - 开始启动 Java 桥接器
2022-08-22 14:46:58,035 DEBUG BridgeMain [BridgeMain.java : 32] - 加载并校验配置文件...
2022-08-22 14:57:54,100 DEBUG BridgeMain [BridgeMain.java : 30] - 开始启动 Java 桥接器
2022-08-22 14:57:54,102 DEBUG BridgeMain [BridgeMain.java : 32] - 加载并校验配置文件...
2022-08-22 15:06:31,436 DEBUG BridgeMain [BridgeMain.java : 30] - 开始启动 Java 桥接器
2022-08-22 15:06:31,439 DEBUG BridgeMain [BridgeMain.java : 32] - 加载并校验配置文件...
2022-08-22 15:06:59,371 DEBUG BridgeMain [BridgeMain.java : 30] - 开始启动 Java 桥接器
2022-08-22 15:06:59,373 DEBUG BridgeMain [BridgeMain.java : 32] - 加载并校验配置文件...
2022-08-22 15:07:39,534 DEBUG BridgeMain [BridgeMain.java : 30] - 开始启动 Java 桥接器
2022-08-22 15:07:39,536 DEBUG BridgeMain [BridgeMain.java : 32] - 加载并校验配置文件...
2022-08-22 15:13:15,705 DEBUG BridgeMain [BridgeMain.java : 30] - 开始启动 Java 桥接器
2022-08-22 15:13:15,707 DEBUG BridgeMain [BridgeMain.java : 32] - 加载并校验配置文件...
2022-08-22 15:15:31,915 DEBUG BridgeMain [BridgeMain.java : 30] - 开始启动 Java 桥接器
2022-08-22 15:15:31,917 DEBUG BridgeMain [BridgeMain.java : 32] - 加载并校验配置文件...
2022-08-22 15:16:44,781 DEBUG BridgeMain [BridgeMain.java : 30] - 开始启动 Java 桥接器
2022-08-22 15:16:44,783 DEBUG BridgeMain [BridgeMain.java : 32] - 加载并校验配置文件...
2022-08-22 15:17:41,755 DEBUG BridgeMain [BridgeMain.java : 30] - 开始启动 Java 桥接器
2022-08-22 15:17:41,757 DEBUG BridgeMain [BridgeMain.java : 32] - 加载并校验配置文件...
2022-08-22 15:21:32,111 DEBUG BridgeMain [BridgeMain.java : 30] - 开始启动 Java 桥接器
2022-08-22 15:21:32,114 DEBUG BridgeMain [BridgeMain.java : 32] - 加载并校验配置文件...
2022-08-22 15:23:57,583 DEBUG BridgeMain [BridgeMain.java : 30] - 开始启动 Java 桥接器
2022-08-22 15:23:57,585 DEBUG BridgeMain [BridgeMain.java : 32] - 加载并校验配置文件...
2022-08-22 15:27:58,233 DEBUG BridgeMain [BridgeMain.java : 30] - 开始启动 Java 桥接器
2022-08-22 15:27:58,235 DEBUG BridgeMain [BridgeMain.java : 32] - 加载并校验配置文件...
2022-08-22 15:29:34,982 DEBUG BridgeMain [BridgeMain.java : 30] - 开始启动 Java 桥接器
2022-08-22 15:29:34,984 DEBUG BridgeMain [BridgeMain.java : 32] - 加载并校验配置文件...
2022-08-22 15:29:50,044 DEBUG BridgeMain [BridgeMain.java : 30] - 开始启动 Java 桥接器
2022-08-22 15:29:50,046 DEBUG BridgeMain [BridgeMain.java : 32] - 加载并校验配置文件...
2022-08-22 15:30:37,946 DEBUG BridgeMain [BridgeMain.java : 30] - 开始启动 Java 桥接器
2022-08-22 15:30:37,947 DEBUG BridgeMain [BridgeMain.java : 32] - 加载并校验配置文件...
2022-08-22 15:31:36,163 DEBUG BridgeMain [BridgeMain.java : 30] - 开始启动 Java 桥接器
2022-08-22 15:31:36,165 DEBUG BridgeMain [BridgeMain.java : 32] - 加载并校验配置文件...
2022-08-22 15:32:39,695 DEBUG BridgeMain [BridgeMain.java : 30] - 开始启动 Java 桥接器
2022-08-22 15:32:39,697 DEBUG BridgeMain [BridgeMain.java : 32] - 加载并校验配置文件...
2022-08-22 15:32:51,347 DEBUG BridgeMain [BridgeMain.java : 30] - 开始启动 Java 桥接器
2022-08-22 15:32:51,349 DEBUG BridgeMain [BridgeMain.java : 32] - 加载并校验配置文件...
2022-08-22 15:33:32,495 DEBUG BridgeMain [BridgeMain.java : 30] - 开始启动 Java 桥接器
2022-08-22 15:33:32,497 DEBUG BridgeMain [BridgeMain.java : 32] - 加载并校验配置文件...
2022-08-22 15:45:37,764 DEBUG BridgeMain [BridgeMain.java : 30] - 开始启动 Java 桥接器
2022-08-22 15:45:37,766 DEBUG BridgeMain [BridgeMain.java : 32] - 加载并校验配置文件...
2022-08-22 15:45:56,189 DEBUG BridgeMain [BridgeMain.java : 30] - 开始启动 Java 桥接器
2022-08-22 15:45:56,191 DEBUG BridgeMain [BridgeMain.java : 32] - 加载并校验配置文件...
2022-08-22 16:45:46,875 DEBUG BridgeMain [BridgeMain.java : 32] - 开始启动 Java 桥接器
2022-08-22 16:45:46,877 DEBUG BridgeMain [BridgeMain.java : 34] - 加载并校验配置文件...
2022-08-22 16:45:46,885 ERROR com.hundsun.util.ConfigUtil [ConfigUtil.java : 136] - server.cert.type不支持当前类型JKS1
